In file included from /usr/include/stdio.h:36,
                 from 1-string_nconcat.c:3:
/usr/lib/gcc/x86_64-linux-gnu/9/include/stdarg.h: In function ‘_memcpy’:
/usr/lib/gcc/x86_64-linux-gnu/9/include/stdarg.h:40:27: error: storage class specified for parameter ‘__gnuc_va_list’
   40 | typedef __builtin_va_list __gnuc_va_list;
      |                           ^~~~~~~~~~~~~~
In file included from /usr/include/x86_64-linux-gnu/bits/types/__fpos_t.h:5,
                 from /usr/include/stdio.h:39,
                 from 1-string_nconcat.c:3:
/usr/include/x86_64-linux-gnu/bits/types/__mbstate_t.h:21:3: error: storage class specified for parameter ‘__mbstate_t’
   21 | } __mbstate_t;
      |   ^~~~~~~~~~~
In file included from /usr/include/stdio.h:39,
                 from 1-string_nconcat.c:3:
/usr/include/x86_64-linux-gnu/bits/types/__fpos_t.h:13:3: error: expected specifier-qualifier-list before ‘__mbstate_t’
   13 |   __mbstate_t __state;
      |   ^~~~~~~~~~~
/usr/include/x86_64-linux-gnu/bits/types/__fpos_t.h:14:3: error: storage class specified for parameter ‘__fpos_t’
   14 | } __fpos_t;
      |   ^~~~~~~~
In file included from /usr/include/stdio.h:40,
                 from 1-string_nconcat.c:3:
/usr/include/x86_64-linux-gnu/bits/types/__fpos64_t.h:13:3: error: expected specifier-qualifier-list before ‘__mbstate_t’
   13 |   __mbstate_t __state;
      |   ^~~~~~~~~~~
/usr/include/x86_64-linux-gnu/bits/types/__fpos64_t.h:14:3: error: storage class specified for parameter ‘__fpos64_t’
   14 | } __fpos64_t;
      |   ^~~~~~~~~~
In file included from /usr/include/stdio.h:41,
                 from 1-string_nconcat.c:3:
/usr/include/x86_64-linux-gnu/bits/types/__FILE.h:5:25: error: storage class specified for parameter ‘__FILE’
    5 | typedef struct _IO_FILE __FILE;
      |                         ^~~~~~
In file included from /usr/include/stdio.h:42,
                 from 1-string_nconcat.c:3:
/usr/include/x86_64-linux-gnu/bits/types/FILE.h:7:25: error: storage class specified for parameter ‘FILE’
    7 | typedef struct _IO_FILE FILE;
      |                         ^~~~
In file included from /usr/include/stdio.h:43,
                 from 1-string_nconcat.c:3:
/usr/include/x86_64-linux-gnu/bits/types/struct_FILE.h:43:14: error: storage class specified for parameter ‘_IO_lock_t’
   43 | typedef void _IO_lock_t;
      |              ^~~~~~~~~~
/usr/include/x86_64-linux-gnu/bits/types/struct_FILE.h:81:3: error: expected specifier-qualifier-list before ‘_IO_lock_t’
   81 |   _IO_lock_t *_lock;
      |   ^~~~~~~~~~
In file included from 1-string_nconcat.c:3:
/usr/include/stdio.h:52:24: error: expected ‘=’, ‘,’, ‘;’, ‘asm’ or ‘__attribute__’ before ‘va_list’
   52 | typedef __gnuc_va_list va_list;
      |                        ^~~~~~~
/usr/include/stdio.h:84:18: error: expected ‘=’, ‘,’, ‘;’, ‘asm’ or ‘__attribute__’ before ‘fpos_t’
   84 | typedef __fpos_t fpos_t;
      |                  ^~~~~~
In file included from 1-string_nconcat.c:3:
/usr/include/stdio.h:137:13: error: expected ‘=’, ‘,’, ‘;’, ‘asm’ or ‘__attribute__’ before ‘*’ token
  137 | extern FILE *stdin;  /* Standard input stream.  */
      |             ^
/usr/include/stdio.h:138:13: error: expected ‘=’, ‘,’, ‘;’, ‘asm’ or ‘__attribute__’ before ‘*’ token
  138 | extern FILE *stdout;  /* Standard output stream.  */
      |             ^
/usr/include/stdio.h:139:13: error: expected ‘=’, ‘,’, ‘;’, ‘asm’ or ‘__attribute__’ before ‘*’ token
  139 | extern FILE *stderr;  /* Standard error output stream.  */
      |             ^
/usr/include/stdio.h:146:12: error: storage class specified for parameter ‘remove’
  146 | extern int remove (const char *__filename) __THROW;
      |            ^~~~~~
/usr/include/stdio.h:148:12: error: storage class specified for parameter ‘rename’
  148 | extern int rename (const char *__old, const char *__new) __THROW;
      |            ^~~~~~
/usr/include/stdio.h:152:12: error: storage class specified for parameter ‘renameat’
  152 | extern int renameat (int __oldfd, const char *__old, int __newfd,
      |            ^~~~~~~~
/usr/include/stdio.h:173:13: error: expected ‘=’, ‘,’, ‘;’, ‘asm’ or ‘__attribute__’ before ‘*’ token
  173 | extern FILE *tmpfile (void) __wur;
      |             ^
/usr/include/stdio.h:187:14: error: storage class specified for parameter ‘tmpnam’
  187 | extern char *tmpnam (char *__s) __THROW __wur;
      |              ^~~~~~
/usr/include/stdio.h:192:14: error: storage class specified for parameter ‘tmpnam_r’
  192 | extern char *tmpnam_r (char *__s) __THROW __wur;
      |              ^~~~~~~~
/usr/include/stdio.h:204:14: error: storage class specified for parameter ‘tempnam’
  204 | extern char *tempnam (const char *__dir, const char *__pfx)
      |              ^~~~~~~
/usr/include/stdio.h:213:20: error: expected declaration specifiers or ‘...’ before ‘FILE’
  213 | extern int fclose (FILE *__stream);
      |                    ^~~~
/usr/include/stdio.h:218:20: error: expected declaration specifiers or ‘...’ before ‘FILE’
  218 | extern int fflush (FILE *__stream);
      |                    ^~~~
/usr/include/stdio.h:227:29: error: expected declaration specifiers or ‘...’ before ‘FILE’
  227 | extern int fflush_unlocked (FILE *__stream);
      |                             ^~~~
/usr/include/stdio.h:246:13: error: expected ‘=’, ‘,’, ‘;’, ‘asm’ or ‘__attribute__’ before ‘*’ token
  246 | extern FILE *fopen (const char *__restrict __filename,
      |             ^
/usr/include/stdio.h:252:13: error: expected ‘=’, ‘,’, ‘;’, ‘asm’ or ‘__attribute__’ before ‘*’ token
  252 | extern FILE *freopen (const char *__restrict __filename,
      |             ^
/usr/include/stdio.h:279:13: error: expected ‘=’, ‘,’, ‘;’, ‘asm’ or ‘__attribute__’ before ‘*’ token
  279 | extern FILE *fdopen (int __fd, const char *__modes) __THROW __wur;
      |             ^
/usr/include/stdio.h:292:13: error: expected ‘=’, ‘,’, ‘;’, ‘asm’ or ‘__attribute__’ before ‘*’ token
  292 | extern FILE *fmemopen (void *__s, size_t __len, const char *__modes)
      |             ^
/usr/include/stdio.h:298:13: error: expected ‘=’, ‘,’, ‘;’, ‘asm’ or ‘__attribute__’ before ‘*’ token
  298 | extern FILE *open_memstream (char **__bufloc, size_t *__sizeloc) __THROW __wur;
      |             ^
/usr/include/stdio.h:304:21: error: expected declaration specifiers or ‘...’ before ‘FILE’
  304 | extern void setbuf (FILE *__restrict __stream, char *__restrict __buf) __THROW;
      |                     ^~~~
/usr/include/stdio.h:308:21: error: expected declaration specifiers or ‘...’ before ‘FILE’
  308 | extern int setvbuf (FILE *__restrict __stream, char *__restrict __buf,
      |                     ^~~~
/usr/include/stdio.h:314:24: error: expected declaration specifiers or ‘...’ before ‘FILE’
  314 | extern void setbuffer (FILE *__restrict __stream, char *__restrict __buf,
      |                        ^~~~
/usr/include/stdio.h:318:25: error: expected declaration specifiers or ‘...’ before ‘FILE’
  318 | extern void setlinebuf (FILE *__stream) __THROW;
      |                         ^~~~
/usr/include/stdio.h:326:21: error: expected declaration specifiers or ‘...’ before ‘FILE’
  326 | extern int fprintf (FILE *__restrict __stream,
      |                     ^~~~
/usr/include/stdio.h:332:12: error: storage class specified for parameter ‘printf’
  332 | extern int printf (const char *__restrict __format, ...);
      |            ^~~~~~
/usr/include/stdio.h:334:12: error: storage class specified for parameter ‘sprintf’
  334 | extern int sprintf (char *__restrict __s,
      |            ^~~~~~~
/usr/include/stdio.h:341:22: error: expected declaration specifiers or ‘...’ before ‘FILE’
  341 | extern int vfprintf (FILE *__restrict __s, const char *__restrict __format,
      |                      ^~~~
/usr/include/stdio.h:342:8: error: expected declaration specifiers or ‘...’ before ‘__gnuc_va_list’
  342 |        __gnuc_va_list __arg);
      |        ^~~~~~~~~~~~~~
/usr/include/stdio.h:347:54: error: expected declaration specifiers or ‘...’ before ‘__gnuc_va_list’
  347 | extern int vprintf (const char *__restrict __format, __gnuc_va_list __arg);
      |                                                      ^~~~~~~~~~~~~~
/usr/include/stdio.h:350:8: error: expected declaration specifiers or ‘...’ before ‘__gnuc_va_list’
  350 |        __gnuc_va_list __arg) __THROWNL;
      |        ^~~~~~~~~~~~~~
/usr/include/stdio.h:354:12: error: storage class specified for parameter ‘snprintf’
  354 | extern int snprintf (char *__restrict __s, size_t __maxlen,
      |            ^~~~~~~~
/usr/include/stdio.h:359:42: error: expected declaration specifiers or ‘...’ before ‘__gnuc_va_list’
  359 |         const char *__restrict __format, __gnuc_va_list __arg)
      |                                          ^~~~~~~~~~~~~~
/usr/include/stdio.h:380:8: error: expected declaration specifiers or ‘...’ before ‘__gnuc_va_list’
  380 |        __gnuc_va_list __arg)
      |        ^~~~~~~~~~~~~~
/usr/include/stdio.h:382:12: error: storage class specified for parameter ‘dprintf’
  382 | extern int dprintf (int __fd, const char *__restrict __fmt, ...)
      |            ^~~~~~~
/usr/include/stdio.h:391:20: error: expected declaration specifiers or ‘...’ before ‘FILE’
  391 | extern int fscanf (FILE *__restrict __stream,
      |                    ^~~~
/usr/include/stdio.h:397:12: error: storage class specified for parameter ‘scanf’
  397 | extern int scanf (const char *__restrict __format, ...) __wur;
      |            ^~~~~
/usr/include/stdio.h:399:12: error: storage class specified for parameter ‘sscanf’
  399 | extern int sscanf (const char *__restrict __s,
      |            ^~~~~~
In file included from /usr/include/features.h:461,
                 from /usr/include/x86_64-linux-gnu/bits/libc-header-start.h:33,
                 from /usr/include/stdlib.h:25,
                 from 1-string_nconcat.c:1:
/usr/include/stdio.h:407:12: error: expected declaration specifiers or ‘...’ before ‘FILE’
  407 | extern int __REDIRECT (fscanf, (FILE *__restrict __stream,
      |            ^~~~~~~~~~
/usr/include/stdio.h:410:12: error: storage class specified for parameter ‘scanf’
  410 | extern int __REDIRECT (scanf, (const char *__restrict __format, ...),
      |            ^~~~~~~~~~
/usr/include/stdio.h:410:12: error: redefinition of parameter ‘scanf’
In file included from 1-string_nconcat.c:3:
/usr/include/stdio.h:397:12: note: previous definition of ‘scanf’ was here
  397 | extern int scanf (const char *__restrict __format, ...) __wur;
      |            ^~~~~
In file included from /usr/include/features.h:461,
                 from /usr/include/x86_64-linux-gnu/bits/libc-header-start.h:33,
                 from /usr/include/stdlib.h:25,
                 from 1-string_nconcat.c:1:
/usr/include/stdio.h:412:12: error: storage class specified for parameter ‘sscanf’
  412 | extern int __REDIRECT_NTH (sscanf, (const char *__restrict __s,
      |            ^~~~~~~~~~~~~~
/usr/include/stdio.h:412:12: error: redefinition of parameter ‘sscanf’
In file included from 1-string_nconcat.c:3:
/usr/include/stdio.h:399:12: note: previous definition of ‘sscanf’ was here
  399 | extern int sscanf (const char *__restrict __s,
      |            ^~~~~~
/usr/include/stdio.h:432:21: error: expected declaration specifiers or ‘...’ before ‘FILE’
  432 | extern int vfscanf (FILE *__restrict __s, const char *__restrict __format,
      |                     ^~~~
/usr/include/stdio.h:433:7: error: expected declaration specifiers or ‘...’ before ‘__gnuc_va_list’
  433 |       __gnuc_va_list __arg)
      |       ^~~~~~~~~~~~~~
/usr/include/stdio.h:440:53: error: expected declaration specifiers or ‘...’ before ‘__gnuc_va_list’
  440 | extern int vscanf (const char *__restrict __format, __gnuc_va_list __arg)
      |                                                     ^~~~~~~~~~~~~~
/usr/include/stdio.h:445:40: error: expected declaration specifiers or ‘...’ before ‘__gnuc_va_list’
  445 |       const char *__restrict __format, __gnuc_va_list __arg)
      |                                        ^~~~~~~~~~~~~~
In file included from /usr/include/features.h:461,
                 from /usr/include/x86_64-linux-gnu/bits/libc-header-start.h:33,
                 from /usr/include/stdlib.h:25,
                 from 1-string_nconcat.c:1:
/usr/include/stdio.h:451:12: error: expected declaration specifiers or ‘...’ before ‘FILE’
  451 | extern int __REDIRECT (vfscanf,
      |            ^~~~~~~~~~
/usr/include/stdio.h:451:12: error: expected declaration specifiers or ‘...’ before ‘__gnuc_va_list’
  451 | extern int __REDIRECT (vfscanf,
      |            ^~~~~~~~~~
/usr/include/stdio.h:456:12: error: expected declaration specifiers or ‘...’ before ‘__gnuc_va_list’
  456 | extern int __REDIRECT (vscanf, (const char *__restrict __format,
      |            ^~~~~~~~~~
/usr/include/stdio.h:459:12: error: expected declaration specifiers or ‘...’ before ‘__gnuc_va_list’
  459 | extern int __REDIRECT_NTH (vsscanf,
      |            ^~~~~~~~~~~~~~
In file included from 1-string_nconcat.c:3:
/usr/include/stdio.h:485:19: error: expected declaration specifiers or ‘...’ before ‘FILE’
  485 | extern int fgetc (FILE *__stream);
      |                   ^~~~
/usr/include/stdio.h:486:18: error: expected declaration specifiers or ‘...’ before ‘FILE’
  486 | extern int getc (FILE *__stream);
      |                  ^~~~
/usr/include/stdio.h:492:12: error: storage class specified for parameter ‘getchar’
  492 | extern int getchar (void);
      |            ^~~~~~~
/usr/include/stdio.h:499:27: error: expected declaration specifiers or ‘...’ before ‘FILE’
  499 | extern int getc_unlocked (FILE *__stream);
      |                           ^~~~
/usr/include/stdio.h:500:12: error: storage class specified for parameter ‘getchar_unlocked’
  500 | extern int getchar_unlocked (void);
      |            ^~~~~~~~~~~~~~~~
/usr/include/stdio.h:510:28: error: expected declaration specifiers or ‘...’ before ‘FILE’
  510 | extern int fgetc_unlocked (FILE *__stream);
      |                            ^~~~
/usr/include/stdio.h:521:28: error: expected declaration specifiers or ‘...’ before ‘FILE’
  521 | extern int fputc (int __c, FILE *__stream);
      |                            ^~~~
/usr/include/stdio.h:522:27: error: expected declaration specifiers or ‘...’ before ‘FILE’
  522 | extern int putc (int __c, FILE *__stream);
      |                           ^~~~
/usr/include/stdio.h:528:12: error: storage class specified for parameter ‘putchar’
  528 | extern int putchar (int __c);
      |            ^~~~~~~
/usr/include/stdio.h:537:37: error: expected declaration specifiers or ‘...’ before ‘FILE’
  537 | extern int fputc_unlocked (int __c, FILE *__stream);
      |                                     ^~~~
/usr/include/stdio.h:545:36: error: expected declaration specifiers or ‘...’ before ‘FILE’
  545 | extern int putc_unlocked (int __c, FILE *__stream);
      |                                    ^~~~
/usr/include/stdio.h:546:12: error: storage class specified for parameter ‘putchar_unlocked’
  546 | extern int putchar_unlocked (int __c);
      |            ^~~~~~~~~~~~~~~~
/usr/include/stdio.h:553:18: error: expected declaration specifiers or ‘...’ before ‘FILE’
  553 | extern int getw (FILE *__stream);
      |                  ^~~~
/usr/include/stdio.h:556:27: error: expected declaration specifiers or ‘...’ before ‘FILE’
  556 | extern int putw (int __w, FILE *__stream);
      |                           ^~~~
/usr/include/stdio.h:564:52: error: expected declaration specifiers or ‘...’ before ‘FILE’
  564 | extern char *fgets (char *__restrict __s, int __n, FILE *__restrict __stream)
      |                                                    ^~~~
/usr/include/stdio.h:605:30: error: expected declaration specifiers or ‘...’ before ‘FILE’
  605 |                              FILE *__restrict __stream) __wur;
      |                              ^~~~
/usr/include/stdio.h:608:28: error: expected declaration specifiers or ‘...’ before ‘FILE’
  608 |                            FILE *__restrict __stream) __wur;
      |                            ^~~~
/usr/include/stdio.h:618:27: error: expected declaration specifiers or ‘...’ before ‘FILE’
  618 |                           FILE *__restrict __stream) __wur;
      |                           ^~~~
/usr/include/stdio.h:626:47: error: expected declaration specifiers or ‘...’ before ‘FILE’
  626 | extern int fputs (const char *__restrict __s, FILE *__restrict __stream);
      |                                               ^~~~
/usr/include/stdio.h:632:12: error: storage class specified for parameter ‘puts’
  632 | extern int puts (const char *__s);
      |            ^~~~
/usr/include/stdio.h:639:29: error: expected declaration specifiers or ‘...’ before ‘FILE’
  639 | extern int ungetc (int __c, FILE *__stream);
      |                             ^~~~
/usr/include/stdio.h:647:20: error: expected declaration specifiers or ‘...’ before ‘FILE’
  647 |        size_t __n, FILE *__restrict __stream) __wur;
      |                    ^~~~
/usr/include/stdio.h:653:21: error: expected declaration specifiers or ‘...’ before ‘FILE’
  653 |         size_t __n, FILE *__restrict __s);
      |                     ^~~~
/usr/include/stdio.h:674:22: error: expected declaration specifiers or ‘...’ before ‘FILE’
  674 |          size_t __n, FILE *__restrict __stream) __wur;
      |                      ^~~~
/usr/include/stdio.h:676:23: error: expected declaration specifiers or ‘...’ before ‘FILE’
  676 |           size_t __n, FILE *__restrict __stream);
      |                       ^~~~
/usr/include/stdio.h:684:19: error: expected declaration specifiers or ‘...’ before ‘FILE’
  684 | extern int fseek (FILE *__stream, long int __off, int __whence);
      |                   ^~~~
/usr/include/stdio.h:689:24: error: expected declaration specifiers or ‘...’ before ‘FILE’
  689 | extern long int ftell (FILE *__stream) __wur;
      |                        ^~~~
/usr/include/stdio.h:694:21: error: expected declaration specifiers or ‘...’ before ‘FILE’
  694 | extern void rewind (FILE *__stream);
      |                     ^~~~
/usr/include/stdio.h:707:20: error: expected declaration specifiers or ‘...’ before ‘FILE’
  707 | extern int fseeko (FILE *__stream, __off_t __off, int __whence);
      |                    ^~~~
/usr/include/stdio.h:712:24: error: expected declaration specifiers or ‘...’ before ‘FILE’
  712 | extern __off_t ftello (FILE *__stream) __wur;
      |                        ^~~~
/usr/include/stdio.h:731:21: error: expected declaration specifiers or ‘...’ before ‘FILE’
  731 | extern int fgetpos (FILE *__restrict __stream, fpos_t *__restrict __pos);
      |                     ^~~~
/usr/include/stdio.h:731:48: error: unknown type name ‘fpos_t’
  731 | extern int fgetpos (FILE *__restrict __stream, fpos_t *__restrict __pos);
      |                                                ^~~~~~
/usr/include/stdio.h:134:1: note: ‘fpos_t’ is defined in header ‘<stdio.h>’; did you forget to ‘#include <stdio.h>’?
  133 | #include <bits/stdio_lim.h>
  +++ |+#include <stdio.h>
  134 | 
/usr/include/stdio.h:736:21: error: expected declaration specifiers or ‘...’ before ‘FILE’
  736 | extern int fsetpos (FILE *__stream, const fpos_t *__pos);
      |                     ^~~~
/usr/include/stdio.h:736:43: error: unknown type name ‘fpos_t’
  736 | extern int fsetpos (FILE *__stream, const fpos_t *__pos);
      |                                           ^~~~~~
/usr/include/stdio.h:757:23: error: expected declaration specifiers or ‘...’ before ‘FILE’
  757 | extern void clearerr (FILE *__stream) __THROW;
      |                       ^~~~
/usr/include/stdio.h:759:18: error: expected declaration specifiers or ‘...’ before ‘FILE’
  759 | extern int feof (FILE *__stream) __THROW __wur;
      |                  ^~~~
/usr/include/stdio.h:761:20: error: expected declaration specifiers or ‘...’ before ‘FILE’
  761 | extern int ferror (FILE *__stream) __THROW __wur;
      |                    ^~~~
/usr/include/stdio.h:765:32: error: expected declaration specifiers or ‘...’ before ‘FILE’
  765 | extern void clearerr_unlocked (FILE *__stream) __THROW;
      |                                ^~~~
/usr/include/stdio.h:766:27: error: expected declaration specifiers or ‘...’ before ‘FILE’
  766 | extern int feof_unlocked (FILE *__stream) __THROW __wur;
      |                           ^~~~
/usr/include/stdio.h:767:29: error: expected declaration specifiers or ‘...’ before ‘FILE’
  767 | extern int ferror_unlocked (FILE *__stream) __THROW __wur;
      |                             ^~~~
/usr/include/stdio.h:775:13: error: storage class specified for parameter ‘perror’
  775 | extern void perror (const char *__s);
      |             ^~~~~~
In file included from /usr/include/stdio.h:781,
                 from 1-string_nconcat.c:3:
/usr/include/x86_64-linux-gnu/bits/sys_errlist.h:26:12: error: storage class specified for parameter ‘sys_nerr’
   26 | extern int sys_nerr;
      |            ^~~~~~~~
/usr/include/x86_64-linux-gnu/bits/sys_errlist.h:27:26: error: storage class specified for parameter ‘sys_errlist’
   27 | extern const char *const sys_errlist[];
      |                          ^~~~~~~~~~~
In file included from 1-string_nconcat.c:3:
/usr/include/stdio.h:786:20: error: expected declaration specifiers or ‘...’ before ‘FILE’
  786 | extern int fileno (FILE *__stream) __THROW __wur;
      |                    ^~~~
/usr/include/stdio.h:791:29: error: expected declaration specifiers or ‘...’ before ‘FILE’
  791 | extern int fileno_unlocked (FILE *__stream) __THROW __wur;
      |                             ^~~~
/usr/include/stdio.h:800:13: error: expected ‘=’, ‘,’, ‘;’, ‘asm’ or ‘__attribute__’ before ‘*’ token
  800 | extern FILE *popen (const char *__command, const char *__modes) __wur;
      |             ^
/usr/include/stdio.h:806:20: error: expected declaration specifiers or ‘...’ before ‘FILE’
  806 | extern int pclose (FILE *__stream);
      |                    ^~~~
/usr/include/stdio.h:812:14: error: storage class specified for parameter ‘ctermid’
  812 | extern char *ctermid (char *__s) __THROW;
      |              ^~~~~~~
/usr/include/stdio.h:840:24: error: expected declaration specifiers or ‘...’ before ‘FILE’
  840 | extern void flockfile (FILE *__stream) __THROW;
      |                        ^~~~
/usr/include/stdio.h:844:26: error: expected declaration specifiers or ‘...’ before ‘FILE’
  844 | extern int ftrylockfile (FILE *__stream) __THROW __wur;
      |                          ^~~~
/usr/include/stdio.h:847:26: error: expected declaration specifiers or ‘...’ before ‘FILE’
  847 | extern void funlockfile (FILE *__stream) __THROW;
      |                          ^~~~
/usr/include/stdio.h:858:21: error: expected declaration specifiers or ‘...’ before ‘FILE’
  858 | extern int __uflow (FILE *);
      |                     ^~~~
/usr/include/stdio.h:859:24: error: expected declaration specifiers or ‘...’ before ‘FILE’
  859 | extern int __overflow (FILE *, int);
      |                        ^~~~
1-string_nconcat.c:12:1: error: expected ‘=’, ‘,’, ‘;’, ‘asm’ or ‘__attribute__’ before ‘{’ token
   12 | {
      | ^
1-string_nconcat.c:52:1: error: expected ‘=’, ‘,’, ‘;’, ‘asm’ or ‘__attribute__’ before ‘{’ token
   52 | {
      | ^
1-string_nconcat.c:71:1: error: expected ‘=’, ‘,’, ‘;’, ‘asm’ or ‘__attribute__’ before ‘{’ token
   71 | {
      | ^
In file included from 1-string_nconcat.c:2:
main.h:10:7: error: old-style parameter declarations in prototyped function definition
   10 | char *_memcpy(char *dest, char *src, unsigned int n)
      |       ^~~~~~~
1-string_nconcat.c:78: error: expected ‘{’ at end of input
   78 | }
      | 
In file included from /usr/include/stdio.h:33,
                 from main.c:2:
/usr/lib/gcc/x86_64-linux-gnu/9/include/stddef.h: In function ‘_memcpy’:
/usr/lib/gcc/x86_64-linux-gnu/9/include/stddef.h:209:23: error: storage class specified for parameter ‘size_t’
  209 | typedef __SIZE_TYPE__ size_t;
      |                       ^~~~~~
In file included from /usr/include/stdio.h:36,
                 from main.c:2:
/usr/lib/gcc/x86_64-linux-gnu/9/include/stdarg.h:40:27: error: storage class specified for parameter ‘__gnuc_va_list’
   40 | typedef __builtin_va_list __gnuc_va_list;
      |                           ^~~~~~~~~~~~~~
In file included from /usr/include/stdio.h:38,
                 from main.c:2:
/usr/include/x86_64-linux-gnu/bits/types.h:31:23: error: storage class specified for parameter ‘__u_char’
   31 | typedef unsigned char __u_char;
      |                       ^~~~~~~~
/usr/include/x86_64-linux-gnu/bits/types.h:32:28: error: storage class specified for parameter ‘__u_short’
   32 | typedef unsigned short int __u_short;
      |                            ^~~~~~~~~
/usr/include/x86_64-linux-gnu/bits/types.h:33:22: error: storage class specified for parameter ‘__u_int’
   33 | typedef unsigned int __u_int;
      |                      ^~~~~~~
/usr/include/x86_64-linux-gnu/bits/types.h:34:27: error: storage class specified for parameter ‘__u_long’
   34 | typedef unsigned long int __u_long;
      |                           ^~~~~~~~
/usr/include/x86_64-linux-gnu/bits/types.h:37:21: error: storage class specified for parameter ‘__int8_t’
   37 | typedef signed char __int8_t;
      |                     ^~~~~~~~
/usr/include/x86_64-linux-gnu/bits/types.h:38:23: error: storage class specified for parameter ‘__uint8_t’
   38 | typedef unsigned char __uint8_t;
      |                       ^~~~~~~~~
/usr/include/x86_64-linux-gnu/bits/types.h:39:26: error: storage class specified for parameter ‘__int16_t’
   39 | typedef signed short int __int16_t;
      |                          ^~~~~~~~~
/usr/include/x86_64-linux-gnu/bits/types.h:40:28: error: storage class specified for parameter ‘__uint16_t’
   40 | typedef unsigned short int __uint16_t;
      |                            ^~~~~~~~~~
/usr/include/x86_64-linux-gnu/bits/types.h:41:20: error: storage class specified for parameter ‘__int32_t’
   41 | typedef signed int __int32_t;
      |                    ^~~~~~~~~
/usr/include/x86_64-linux-gnu/bits/types.h:42:22: error: storage class specified for parameter ‘__uint32_t’
   42 | typedef unsigned int __uint32_t;
      |                      ^~~~~~~~~~
/usr/include/x86_64-linux-gnu/bits/types.h:44:25: error: storage class specified for parameter ‘__int64_t’
   44 | typedef signed long int __int64_t;
      |                         ^~~~~~~~~
/usr/include/x86_64-linux-gnu/bits/types.h:45:27: error: storage class specified for parameter ‘__uint64_t’
   45 | typedef unsigned long int __uint64_t;
      |                           ^~~~~~~~~~
/usr/include/x86_64-linux-gnu/bits/types.h:52:18: error: expected ‘=’, ‘,’, ‘;’, ‘asm’ or ‘__attribute__’ before ‘__int_least8_t’
   52 | typedef __int8_t __int_least8_t;
      |                  ^~~~~~~~~~~~~~
/usr/include/x86_64-linux-gnu/bits/types.h:53:19: error: expected ‘=’, ‘,’, ‘;’, ‘asm’ or ‘__attribute__’ before ‘__uint_least8_t’
   53 | typedef __uint8_t __uint_least8_t;
      |                   ^~~~~~~~~~~~~~~
/usr/include/x86_64-linux-gnu/bits/types.h:54:19: error: expected ‘=’, ‘,’, ‘;’, ‘asm’ or ‘__attribute__’ before ‘__int_least16_t’
   54 | typedef __int16_t __int_least16_t;
      |                   ^~~~~~~~~~~~~~~
/usr/include/x86_64-linux-gnu/bits/types.h:55:20: error: expected ‘=’, ‘,’, ‘;’, ‘asm’ or ‘__attribute__’ before ‘__uint_least16_t’
   55 | typedef __uint16_t __uint_least16_t;
      |                    ^~~~~~~~~~~~~~~~
/usr/include/x86_64-linux-gnu/bits/types.h:56:19: error: expected ‘=’, ‘,’, ‘;’, ‘asm’ or ‘__attribute__’ before ‘__int_least32_t’
   56 | typedef __int32_t __int_least32_t;
      |                   ^~~~~~~~~~~~~~~
/usr/include/x86_64-linux-gnu/bits/types.h:57:20: error: expected ‘=’, ‘,’, ‘;’, ‘asm’ or ‘__attribute__’ before ‘__uint_least32_t’
   57 | typedef __uint32_t __uint_least32_t;
      |                    ^~~~~~~~~~~~~~~~
/usr/include/x86_64-linux-gnu/bits/types.h:58:19: error: expected ‘=’, ‘,’, ‘;’, ‘asm’ or ‘__attribute__’ before ‘__int_least64_t’
   58 | typedef __int64_t __int_least64_t;
      |                   ^~~~~~~~~~~~~~~
/usr/include/x86_64-linux-gnu/bits/types.h:59:20: error: expected ‘=’, ‘,’, ‘;’, ‘asm’ or ‘__attribute__’ before ‘__uint_least64_t’
   59 | typedef __uint64_t __uint_least64_t;
      |                    ^~~~~~~~~~~~~~~~
/usr/include/x86_64-linux-gnu/bits/types.h:63:18: error: storage class specified for parameter ‘__quad_t’
   63 | typedef long int __quad_t;
      |                  ^~~~~~~~
/usr/include/x86_64-linux-gnu/bits/types.h:64:27: error: storage class specified for parameter ‘__u_quad_t’
   64 | typedef unsigned long int __u_quad_t;
      |                           ^~~~~~~~~~
/usr/include/x86_64-linux-gnu/bits/types.h:72:18: error: storage class specified for parameter ‘__intmax_t’
   72 | typedef long int __intmax_t;
      |                  ^~~~~~~~~~
/usr/include/x86_64-linux-gnu/bits/types.h:73:27: error: storage class specified for parameter ‘__uintmax_t’
   73 | typedef unsigned long int __uintmax_t;
      |                           ^~~~~~~~~~~
In file included from /usr/include/stdio.h:38,
                 from main.c:2:
/usr/include/x86_64-linux-gnu/bits/types.h:145:25: error: storage class specified for parameter ‘__dev_t’
  145 | __STD_TYPE __DEV_T_TYPE __dev_t; /* Type of device numbers.  */
      |                         ^~~~~~~
/usr/include/x86_64-linux-gnu/bits/types.h:146:25: error: storage class specified for parameter ‘__uid_t’
  146 | __STD_TYPE __UID_T_TYPE __uid_t; /* Type of user identifications.  */
      |                         ^~~~~~~
/usr/include/x86_64-linux-gnu/bits/types.h:147:25: error: storage class specified for parameter ‘__gid_t’
  147 | __STD_TYPE __GID_T_TYPE __gid_t; /* Type of group identifications.  */
      |                         ^~~~~~~
/usr/include/x86_64-linux-gnu/bits/types.h:148:25: error: storage class specified for parameter ‘__ino_t’
  148 | __STD_TYPE __INO_T_TYPE __ino_t; /* Type of file serial numbers.  */
      |                         ^~~~~~~
/usr/include/x86_64-linux-gnu/bits/types.h:149:27: error: storage class specified for parameter ‘__ino64_t’
  149 | __STD_TYPE __INO64_T_TYPE __ino64_t; /* Type of file serial numbers (LFS).*/
      |                           ^~~~~~~~~
/usr/include/x86_64-linux-gnu/bits/types.h:150:26: error: storage class specified for parameter ‘__mode_t’
  150 | __STD_TYPE __MODE_T_TYPE __mode_t; /* Type of file attribute bitmasks.  */
      |                          ^~~~~~~~
/usr/include/x86_64-linux-gnu/bits/types.h:151:27: error: storage class specified for parameter ‘__nlink_t’
  151 | __STD_TYPE __NLINK_T_TYPE __nlink_t; /* Type of file link counts.  */
      |                           ^~~~~~~~~
/usr/include/x86_64-linux-gnu/bits/types.h:152:25: error: storage class specified for parameter ‘__off_t’
  152 | __STD_TYPE __OFF_T_TYPE __off_t; /* Type of file sizes and offsets.  */
      |                         ^~~~~~~
/usr/include/x86_64-linux-gnu/bits/types.h:153:27: error: storage class specified for parameter ‘__off64_t’
  153 | __STD_TYPE __OFF64_T_TYPE __off64_t; /* Type of file sizes and offsets (LFS).  */
      |                           ^~~~~~~~~
/usr/include/x86_64-linux-gnu/bits/types.h:154:25: error: storage class specified for parameter ‘__pid_t’
  154 | __STD_TYPE __PID_T_TYPE __pid_t; /* Type of process identifications.  */
      |                         ^~~~~~~
/usr/include/x86_64-linux-gnu/bits/types.h:155:26: error: storage class specified for parameter ‘__fsid_t’
  155 | __STD_TYPE __FSID_T_TYPE __fsid_t; /* Type of file system IDs.  */
      |                          ^~~~~~~~
/usr/include/x86_64-linux-gnu/bits/types.h:156:27: error: storage class specified for parameter ‘__clock_t’
  156 | __STD_TYPE __CLOCK_T_TYPE __clock_t; /* Type of CPU usage counts.  */
      |                           ^~~~~~~~~
/usr/include/x86_64-linux-gnu/bits/types.h:157:26: error: storage class specified for parameter ‘__rlim_t’
  157 | __STD_TYPE __RLIM_T_TYPE __rlim_t; /* Type for resource measurement.  */
      |                          ^~~~~~~~
/usr/include/x86_64-linux-gnu/bits/types.h:158:28: error: storage class specified for parameter ‘__rlim64_t’
  158 | __STD_TYPE __RLIM64_T_TYPE __rlim64_t; /* Type for resource measurement (LFS).  */
      |                            ^~~~~~~~~~
/usr/include/x86_64-linux-gnu/bits/types.h:159:24: error: storage class specified for parameter ‘__id_t’
  159 | __STD_TYPE __ID_T_TYPE __id_t;  /* General type for IDs.  */
      |                        ^~~~~~
/usr/include/x86_64-linux-gnu/bits/types.h:160:26: error: storage class specified for parameter ‘__time_t’
  160 | __STD_TYPE __TIME_T_TYPE __time_t; /* Seconds since the Epoch.  */
      |                          ^~~~~~~~
/usr/include/x86_64-linux-gnu/bits/types.h:161:30: error: storage class specified for parameter ‘__useconds_t’
  161 | __STD_TYPE __USECONDS_T_TYPE __useconds_t; /* Count of microseconds.  */
      |                              ^~~~~~~~~~~~
/usr/include/x86_64-linux-gnu/bits/types.h:162:31: error: storage class specified for parameter ‘__suseconds_t’
  162 | __STD_TYPE __SUSECONDS_T_TYPE __suseconds_t; /* Signed count of microseconds.  */
      |                               ^~~~~~~~~~~~~
/usr/include/x86_64-linux-gnu/bits/types.h:164:27: error: storage class specified for parameter ‘__daddr_t’
  164 | __STD_TYPE __DADDR_T_TYPE __daddr_t; /* The type of a disk address.  */
      |                           ^~~~~~~~~
/usr/include/x86_64-linux-gnu/bits/types.h:165:25: error: storage class specified for parameter ‘__key_t’
  165 | __STD_TYPE __KEY_T_TYPE __key_t; /* Type of an IPC key.  */
      |                         ^~~~~~~
/usr/include/x86_64-linux-gnu/bits/types.h:168:29: error: storage class specified for parameter ‘__clockid_t’
  168 | __STD_TYPE __CLOCKID_T_TYPE __clockid_t;
      |                             ^~~~~~~~~~~
/usr/include/x86_64-linux-gnu/bits/types.h:171:27: error: storage class specified for parameter ‘__timer_t’
  171 | __STD_TYPE __TIMER_T_TYPE __timer_t;
      |                           ^~~~~~~~~
/usr/include/x86_64-linux-gnu/bits/types.h:174:29: error: storage class specified for parameter ‘__blksize_t’
  174 | __STD_TYPE __BLKSIZE_T_TYPE __blksize_t;
      |                             ^~~~~~~~~~~
/usr/include/x86_64-linux-gnu/bits/types.h:179:28: error: storage class specified for parameter ‘__blkcnt_t’
  179 | __STD_TYPE __BLKCNT_T_TYPE __blkcnt_t;
      |                            ^~~~~~~~~~
/usr/include/x86_64-linux-gnu/bits/types.h:180:30: error: storage class specified for parameter ‘__blkcnt64_t’
  180 | __STD_TYPE __BLKCNT64_T_TYPE __blkcnt64_t;
      |                              ^~~~~~~~~~~~
/usr/include/x86_64-linux-gnu/bits/types.h:183:30: error: storage class specified for parameter ‘__fsblkcnt_t’
  183 | __STD_TYPE __FSBLKCNT_T_TYPE __fsblkcnt_t;
      |                              ^~~~~~~~~~~~
/usr/include/x86_64-linux-gnu/bits/types.h:184:32: error: storage class specified for parameter ‘__fsblkcnt64_t’
  184 | __STD_TYPE __FSBLKCNT64_T_TYPE __fsblkcnt64_t;
      |                                ^~~~~~~~~~~~~~
/usr/include/x86_64-linux-gnu/bits/types.h:187:30: error: storage class specified for parameter ‘__fsfilcnt_t’
  187 | __STD_TYPE __FSFILCNT_T_TYPE __fsfilcnt_t;
      |                              ^~~~~~~~~~~~
/usr/include/x86_64-linux-gnu/bits/types.h:188:32: error: storage class specified for parameter ‘__fsfilcnt64_t’
  188 | __STD_TYPE __FSFILCNT64_T_TYPE __fsfilcnt64_t;
      |                                ^~~~~~~~~~~~~~
/usr/include/x86_64-linux-gnu/bits/types.h:191:28: error: storage class specified for parameter ‘__fsword_t’
  191 | __STD_TYPE __FSWORD_T_TYPE __fsword_t;
      |                            ^~~~~~~~~~
/usr/include/x86_64-linux-gnu/bits/types.h:193:27: error: storage class specified for parameter ‘__ssize_t’
  193 | __STD_TYPE __SSIZE_T_TYPE __ssize_t; /* Type of a byte count, or error.  */
      |                           ^~~~~~~~~
/usr/include/x86_64-linux-gnu/bits/types.h:196:33: error: storage class specified for parameter ‘__syscall_slong_t’
  196 | __STD_TYPE __SYSCALL_SLONG_TYPE __syscall_slong_t;
      |                                 ^~~~~~~~~~~~~~~~~
/usr/include/x86_64-linux-gnu/bits/types.h:198:33: error: storage class specified for parameter ‘__syscall_ulong_t’
  198 | __STD_TYPE __SYSCALL_ULONG_TYPE __syscall_ulong_t;
      |                                 ^~~~~~~~~~~~~~~~~
/usr/include/x86_64-linux-gnu/bits/types.h:202:19: error: expected ‘=’, ‘,’, ‘;’, ‘asm’ or ‘__attribute__’ before ‘__loff_t’
  202 | typedef __off64_t __loff_t; /* Type of file sizes and offsets (LFS).  */
      |                   ^~~~~~~~
/usr/include/x86_64-linux-gnu/bits/types.h:203:15: error: storage class specified for parameter ‘__caddr_t’
  203 | typedef char *__caddr_t;
      |               ^~~~~~~~~
/usr/include/x86_64-linux-gnu/bits/types.h:206:25: error: storage class specified for parameter ‘__intptr_t’
  206 | __STD_TYPE __SWORD_TYPE __intptr_t;
      |                         ^~~~~~~~~~
/usr/include/x86_64-linux-gnu/bits/types.h:209:23: error: storage class specified for parameter ‘__socklen_t’
  209 | __STD_TYPE __U32_TYPE __socklen_t;
      |                       ^~~~~~~~~~~
/usr/include/x86_64-linux-gnu/bits/types.h:214:13: error: storage class specified for parameter ‘__sig_atomic_t’
  214 | typedef int __sig_atomic_t;
      |             ^~~~~~~~~~~~~~
In file included from /usr/include/x86_64-linux-gnu/bits/types/__fpos_t.h:5,
                 from /usr/include/stdio.h:39,
                 from main.c:2:
/usr/include/x86_64-linux-gnu/bits/types/__mbstate_t.h:21:3: error: storage class specified for parameter ‘__mbstate_t’
   21 | } __mbstate_t;
      |   ^~~~~~~~~~~
In file included from /usr/include/stdio.h:39,
                 from main.c:2:
/usr/include/x86_64-linux-gnu/bits/types/__fpos_t.h:12:3: error: expected specifier-qualifier-list before ‘__off_t’
   12 |   __off_t __pos;
      |   ^~~~~~~
/usr/include/x86_64-linux-gnu/bits/types/__fpos_t.h:14:3: error: storage class specified for parameter ‘__fpos_t’
   14 | } __fpos_t;
      |   ^~~~~~~~
In file included from /usr/include/stdio.h:40,
                 from main.c:2:
/usr/include/x86_64-linux-gnu/bits/types/__fpos64_t.h:12:3: error: expected specifier-qualifier-list before ‘__off64_t’
   12 |   __off64_t __pos;
      |   ^~~~~~~~~
/usr/include/x86_64-linux-gnu/bits/types/__fpos64_t.h:14:3: error: storage class specified for parameter ‘__fpos64_t’
   14 | } __fpos64_t;
      |   ^~~~~~~~~~
In file included from /usr/include/stdio.h:41,
                 from main.c:2:
/usr/include/x86_64-linux-gnu/bits/types/__FILE.h:5:25: error: storage class specified for parameter ‘__FILE’
    5 | typedef struct _IO_FILE __FILE;
      |                         ^~~~~~
In file included from /usr/include/stdio.h:42,
                 from main.c:2:
/usr/include/x86_64-linux-gnu/bits/types/FILE.h:7:25: error: storage class specified for parameter ‘FILE’
    7 | typedef struct _IO_FILE FILE;
      |                         ^~~~
In file included from /usr/include/stdio.h:43,
                 from main.c:2:
/usr/include/x86_64-linux-gnu/bits/types/struct_FILE.h:43:14: error: storage class specified for parameter ‘_IO_lock_t’
   43 | typedef void _IO_lock_t;
      |              ^~~~~~~~~~
/usr/include/x86_64-linux-gnu/bits/types/struct_FILE.h:74:3: error: expected specifier-qualifier-list before ‘__off_t’
   74 |   __off_t _old_offset; /* This used to be _offset but it's too small.  */
      |   ^~~~~~~
In file included from main.c:2:
/usr/include/stdio.h:52:24: error: expected ‘=’, ‘,’, ‘;’, ‘asm’ or ‘__attribute__’ before ‘va_list’
   52 | typedef __gnuc_va_list va_list;
      |                        ^~~~~~~
/usr/include/stdio.h:63:17: error: expected ‘=’, ‘,’, ‘;’, ‘asm’ or ‘__attribute__’ before ‘off_t’
   63 | typedef __off_t off_t;
      |                 ^~~~~
/usr/include/stdio.h:77:19: error: expected ‘=’, ‘,’, ‘;’, ‘asm’ or ‘__attribute__’ before ‘ssize_t’
   77 | typedef __ssize_t ssize_t;
      |                   ^~~~~~~
/usr/include/stdio.h:84:18: error: expected ‘=’, ‘,’, ‘;’, ‘asm’ or ‘__attribute__’ before ‘fpos_t’
   84 | typedef __fpos_t fpos_t;
      |                  ^~~~~~
In file included from main.c:2:
/usr/include/stdio.h:137:13: error: expected ‘=’, ‘,’, ‘;’, ‘asm’ or ‘__attribute__’ before ‘*’ token
  137 | extern FILE *stdin;  /* Standard input stream.  */
      |             ^
/usr/include/stdio.h:138:13: error: expected ‘=’, ‘,’, ‘;’, ‘asm’ or ‘__attribute__’ before ‘*’ token
  138 | extern FILE *stdout;  /* Standard output stream.  */
      |             ^
/usr/include/stdio.h:139:13: error: expected ‘=’, ‘,’, ‘;’, ‘asm’ or ‘__attribute__’ before ‘*’ token
  139 | extern FILE *stderr;  /* Standard error output stream.  */
      |             ^
/usr/include/stdio.h:146:12: error: storage class specified for parameter ‘remove’
  146 | extern int remove (const char *__filename) __THROW;
      |            ^~~~~~
/usr/include/stdio.h:148:12: error: storage class specified for parameter ‘rename’
  148 | extern int rename (const char *__old, const char *__new) __THROW;
      |            ^~~~~~
/usr/include/stdio.h:152:12: error: storage class specified for parameter ‘renameat’
  152 | extern int renameat (int __oldfd, const char *__old, int __newfd,
      |            ^~~~~~~~
/usr/include/stdio.h:173:13: error: expected ‘=’, ‘,’, ‘;’, ‘asm’ or ‘__attribute__’ before ‘*’ token
  173 | extern FILE *tmpfile (void) __wur;
      |             ^
/usr/include/stdio.h:187:14: error: storage class specified for parameter ‘tmpnam’
  187 | extern char *tmpnam (char *__s) __THROW __wur;
      |              ^~~~~~
/usr/include/stdio.h:192:14: error: storage class specified for parameter ‘tmpnam_r’
  192 | extern char *tmpnam_r (char *__s) __THROW __wur;
      |              ^~~~~~~~
/usr/include/stdio.h:204:14: error: storage class specified for parameter ‘tempnam’
  204 | extern char *tempnam (const char *__dir, const char *__pfx)
      |              ^~~~~~~
/usr/include/stdio.h:213:20: error: expected declaration specifiers or ‘...’ before ‘FILE’
  213 | extern int fclose (FILE *__stream);
      |                    ^~~~
/usr/include/stdio.h:218:20: error: expected declaration specifiers or ‘...’ before ‘FILE’
  218 | extern int fflush (FILE *__stream);
      |                    ^~~~
/usr/include/stdio.h:227:29: error: expected declaration specifiers or ‘...’ before ‘FILE’
  227 | extern int fflush_unlocked (FILE *__stream);
      |                             ^~~~
/usr/include/stdio.h:246:13: error: expected ‘=’, ‘,’, ‘;’, ‘asm’ or ‘__attribute__’ before ‘*’ token
  246 | extern FILE *fopen (const char *__restrict __filename,
      |             ^
/usr/include/stdio.h:252:13: error: expected ‘=’, ‘,’, ‘;’, ‘asm’ or ‘__attribute__’ before ‘*’ token
  252 | extern FILE *freopen (const char *__restrict __filename,
      |             ^
/usr/include/stdio.h:279:13: error: expected ‘=’, ‘,’, ‘;’, ‘asm’ or ‘__attribute__’ before ‘*’ token
  279 | extern FILE *fdopen (int __fd, const char *__modes) __THROW __wur;
      |             ^
/usr/include/stdio.h:292:13: error: expected ‘=’, ‘,’, ‘;’, ‘asm’ or ‘__attribute__’ before ‘*’ token
  292 | extern FILE *fmemopen (void *__s, size_t __len, const char *__modes)
      |             ^
/usr/include/stdio.h:298:13: error: expected ‘=’, ‘,’, ‘;’, ‘asm’ or ‘__attribute__’ before ‘*’ token
  298 | extern FILE *open_memstream (char **__bufloc, size_t *__sizeloc) __THROW __wur;
      |             ^
/usr/include/stdio.h:304:21: error: expected declaration specifiers or ‘...’ before ‘FILE’
  304 | extern void setbuf (FILE *__restrict __stream, char *__restrict __buf) __THROW;
      |                     ^~~~
/usr/include/stdio.h:308:21: error: expected declaration specifiers or ‘...’ before ‘FILE’
  308 | extern int setvbuf (FILE *__restrict __stream, char *__restrict __buf,
      |                     ^~~~
/usr/include/stdio.h:309:20: error: expected declaration specifiers or ‘...’ before ‘size_t’
  309 |       int __modes, size_t __n) __THROW;
      |                    ^~~~~~
/usr/include/stdio.h:314:24: error: expected declaration specifiers or ‘...’ before ‘FILE’
  314 | extern void setbuffer (FILE *__restrict __stream, char *__restrict __buf,
      |                        ^~~~
/usr/include/stdio.h:315:10: error: expected declaration specifiers or ‘...’ before ‘size_t’
  315 |          size_t __size) __THROW;
      |          ^~~~~~
/usr/include/stdio.h:318:25: error: expected declaration specifiers or ‘...’ before ‘FILE’
  318 | extern void setlinebuf (FILE *__stream) __THROW;
      |                         ^~~~
/usr/include/stdio.h:326:21: error: expected declaration specifiers or ‘...’ before ‘FILE’
  326 | extern int fprintf (FILE *__restrict __stream,
      |                     ^~~~
/usr/include/stdio.h:332:12: error: storage class specified for parameter ‘printf’
  332 | extern int printf (const char *__restrict __format, ...);
      |            ^~~~~~
/usr/include/stdio.h:334:12: error: storage class specified for parameter ‘sprintf’
  334 | extern int sprintf (char *__restrict __s,
      |            ^~~~~~~
/usr/include/stdio.h:341:22: error: expected declaration specifiers or ‘...’ before ‘FILE’
  341 | extern int vfprintf (FILE *__restrict __s, const char *__restrict __format,
      |                      ^~~~
/usr/include/stdio.h:342:8: error: expected declaration specifiers or ‘...’ before ‘__gnuc_va_list’
  342 |        __gnuc_va_list __arg);
      |        ^~~~~~~~~~~~~~
/usr/include/stdio.h:347:54: error: expected declaration specifiers or ‘...’ before ‘__gnuc_va_list’
  347 | extern int vprintf (const char *__restrict __format, __gnuc_va_list __arg);
      |                                                      ^~~~~~~~~~~~~~
/usr/include/stdio.h:350:8: error: expected declaration specifiers or ‘...’ before ‘__gnuc_va_list’
  350 |        __gnuc_va_list __arg) __THROWNL;
      |        ^~~~~~~~~~~~~~
/usr/include/stdio.h:354:44: error: expected declaration specifiers or ‘...’ before ‘size_t’
  354 | extern int snprintf (char *__restrict __s, size_t __maxlen,
      |                                            ^~~~~~
/usr/include/stdio.h:358:45: error: expected declaration specifiers or ‘...’ before ‘size_t’
  358 | extern int vsnprintf (char *__restrict __s, size_t __maxlen,
      |                                             ^~~~~~
/usr/include/stdio.h:359:42: error: expected declaration specifiers or ‘...’ before ‘__gnuc_va_list’
  359 |         const char *__restrict __format, __gnuc_va_list __arg)
      |                                          ^~~~~~~~~~~~~~
/usr/include/stdio.h:380:8: error: expected declaration specifiers or ‘...’ before ‘__gnuc_va_list’
  380 |        __gnuc_va_list __arg)
      |        ^~~~~~~~~~~~~~
/usr/include/stdio.h:382:12: error: storage class specified for parameter ‘dprintf’
  382 | extern int dprintf (int __fd, const char *__restrict __fmt, ...)
      |            ^~~~~~~
/usr/include/stdio.h:391:20: error: expected declaration specifiers or ‘...’ before ‘FILE’
  391 | extern int fscanf (FILE *__restrict __stream,
      |                    ^~~~
/usr/include/stdio.h:397:12: error: storage class specified for parameter ‘scanf’
  397 | extern int scanf (const char *__restrict __format, ...) __wur;
      |            ^~~~~
/usr/include/stdio.h:399:12: error: storage class specified for parameter ‘sscanf’
  399 | extern int sscanf (const char *__restrict __s,
      |            ^~~~~~
In file included from /usr/include/features.h:461,
                 from /usr/include/x86_64-linux-gnu/bits/libc-header-start.h:33,
                 from /usr/include/stdio.h:27,
                 from main.c:2:
/usr/include/stdio.h:407:12: error: expected declaration specifiers or ‘...’ before ‘FILE’
  407 | extern int __REDIRECT (fscanf, (FILE *__restrict __stream,
      |            ^~~~~~~~~~
/usr/include/stdio.h:410:12: error: storage class specified for parameter ‘scanf’
  410 | extern int __REDIRECT (scanf, (const char *__restrict __format, ...),
      |            ^~~~~~~~~~
/usr/include/stdio.h:410:12: error: redefinition of parameter ‘scanf’
In file included from main.c:2:
/usr/include/stdio.h:397:12: note: previous definition of ‘scanf’ was here
  397 | extern int scanf (const char *__restrict __format, ...) __wur;
      |            ^~~~~
In file included from /usr/include/features.h:461,
                 from /usr/include/x86_64-linux-gnu/bits/libc-header-start.h:33,
                 from /usr/include/stdio.h:27,
                 from main.c:2:
/usr/include/stdio.h:412:12: error: storage class specified for parameter ‘sscanf’
  412 | extern int __REDIRECT_NTH (sscanf, (const char *__restrict __s,
      |            ^~~~~~~~~~~~~~
/usr/include/stdio.h:412:12: error: redefinition of parameter ‘sscanf’
In file included from main.c:2:
/usr/include/stdio.h:399:12: note: previous definition of ‘sscanf’ was here
  399 | extern int sscanf (const char *__restrict __s,
      |            ^~~~~~
/usr/include/stdio.h:432:21: error: expected declaration specifiers or ‘...’ before ‘FILE’
  432 | extern int vfscanf (FILE *__restrict __s, const char *__restrict __format,
      |                     ^~~~
/usr/include/stdio.h:433:7: error: expected declaration specifiers or ‘...’ before ‘__gnuc_va_list’
  433 |       __gnuc_va_list __arg)
      |       ^~~~~~~~~~~~~~
/usr/include/stdio.h:440:53: error: expected declaration specifiers or ‘...’ before ‘__gnuc_va_list’
  440 | extern int vscanf (const char *__restrict __format, __gnuc_va_list __arg)
      |                                                     ^~~~~~~~~~~~~~
/usr/include/stdio.h:445:40: error: expected declaration specifiers or ‘...’ before ‘__gnuc_va_list’
  445 |       const char *__restrict __format, __gnuc_va_list __arg)
      |                                        ^~~~~~~~~~~~~~
In file included from /usr/include/features.h:461,
                 from /usr/include/x86_64-linux-gnu/bits/libc-header-start.h:33,
                 from /usr/include/stdio.h:27,
                 from main.c:2:
/usr/include/stdio.h:451:12: error: expected declaration specifiers or ‘...’ before ‘FILE’
  451 | extern int __REDIRECT (vfscanf,
      |            ^~~~~~~~~~
/usr/include/stdio.h:451:12: error: expected declaration specifiers or ‘...’ before ‘__gnuc_va_list’
  451 | extern int __REDIRECT (vfscanf,
      |            ^~~~~~~~~~
/usr/include/stdio.h:456:12: error: expected declaration specifiers or ‘...’ before ‘__gnuc_va_list’
  456 | extern int __REDIRECT (vscanf, (const char *__restrict __format,
      |            ^~~~~~~~~~
/usr/include/stdio.h:459:12: error: expected declaration specifiers or ‘...’ before ‘__gnuc_va_list’
  459 | extern int __REDIRECT_NTH (vsscanf,
      |            ^~~~~~~~~~~~~~
In file included from main.c:2:
/usr/include/stdio.h:485:19: error: expected declaration specifiers or ‘...’ before ‘FILE’
  485 | extern int fgetc (FILE *__stream);
      |                   ^~~~
/usr/include/stdio.h:486:18: error: expected declaration specifiers or ‘...’ before ‘FILE’
  486 | extern int getc (FILE *__stream);
      |                  ^~~~
/usr/include/stdio.h:492:12: error: storage class specified for parameter ‘getchar’
  492 | extern int getchar (void);
      |            ^~~~~~~
/usr/include/stdio.h:499:27: error: expected declaration specifiers or ‘...’ before ‘FILE’
  499 | extern int getc_unlocked (FILE *__stream);
      |                           ^~~~
/usr/include/stdio.h:500:12: error: storage class specified for parameter ‘getchar_unlocked’
  500 | extern int getchar_unlocked (void);
      |            ^~~~~~~~~~~~~~~~
/usr/include/stdio.h:510:28: error: expected declaration specifiers or ‘...’ before ‘FILE’
  510 | extern int fgetc_unlocked (FILE *__stream);
      |                            ^~~~
/usr/include/stdio.h:521:28: error: expected declaration specifiers or ‘...’ before ‘FILE’
  521 | extern int fputc (int __c, FILE *__stream);
      |                            ^~~~
/usr/include/stdio.h:522:27: error: expected declaration specifiers or ‘...’ before ‘FILE’
  522 | extern int putc (int __c, FILE *__stream);
      |                           ^~~~
/usr/include/stdio.h:528:12: error: storage class specified for parameter ‘putchar’
  528 | extern int putchar (int __c);
      |            ^~~~~~~
/usr/include/stdio.h:537:37: error: expected declaration specifiers or ‘...’ before ‘FILE’
  537 | extern int fputc_unlocked (int __c, FILE *__stream);
      |                                     ^~~~
/usr/include/stdio.h:545:36: error: expected declaration specifiers or ‘...’ before ‘FILE’
  545 | extern int putc_unlocked (int __c, FILE *__stream);
      |                                    ^~~~
/usr/include/stdio.h:546:12: error: storage class specified for parameter ‘putchar_unlocked’
  546 | extern int putchar_unlocked (int __c);
      |            ^~~~~~~~~~~~~~~~
/usr/include/stdio.h:553:18: error: expected declaration specifiers or ‘...’ before ‘FILE’
  553 | extern int getw (FILE *__stream);
      |                  ^~~~
/usr/include/stdio.h:556:27: error: expected declaration specifiers or ‘...’ before ‘FILE’
  556 | extern int putw (int __w, FILE *__stream);
      |                           ^~~~
/usr/include/stdio.h:564:52: error: expected declaration specifiers or ‘...’ before ‘FILE’
  564 | extern char *fgets (char *__restrict __s, int __n, FILE *__restrict __stream)
      |                                                    ^~~~
/usr/include/stdio.h:603:18: error: expected ‘=’, ‘,’, ‘;’, ‘asm’ or ‘__attribute__’ before ‘__getdelim’
  603 | extern __ssize_t __getdelim (char **__restrict __lineptr,
      |                  ^~~~~~~~~~
/usr/include/stdio.h:606:18: error: expected ‘=’, ‘,’, ‘;’, ‘asm’ or ‘__attribute__’ before ‘getdelim’
  606 | extern __ssize_t getdelim (char **__restrict __lineptr,
      |                  ^~~~~~~~
/usr/include/stdio.h:616:18: error: expected ‘=’, ‘,’, ‘;’, ‘asm’ or ‘__attribute__’ before ‘getline’
  616 | extern __ssize_t getline (char **__restrict __lineptr,
      |                  ^~~~~~~
/usr/include/stdio.h:626:47: error: expected declaration specifiers or ‘...’ before ‘FILE’
  626 | extern int fputs (const char *__restrict __s, FILE *__restrict __stream);
      |                                               ^~~~
/usr/include/stdio.h:632:12: error: storage class specified for parameter ‘puts’
  632 | extern int puts (const char *__s);
      |            ^~~~
/usr/include/stdio.h:639:29: error: expected declaration specifiers or ‘...’ before ‘FILE’
  639 | extern int ungetc (int __c, FILE *__stream);
      |                             ^~~~
/usr/include/stdio.h:646:15: error: expected ‘=’, ‘,’, ‘;’, ‘asm’ or ‘__attribute__’ before ‘fread’
  646 | extern size_t fread (void *__restrict __ptr, size_t __size,
      |               ^~~~~
/usr/include/stdio.h:652:15: error: expected ‘=’, ‘,’, ‘;’, ‘asm’ or ‘__attribute__’ before ‘fwrite’
  652 | extern size_t fwrite (const void *__restrict __ptr, size_t __size,
      |               ^~~~~~
/usr/include/stdio.h:673:15: error: expected ‘=’, ‘,’, ‘;’, ‘asm’ or ‘__attribute__’ before ‘fread_unlocked’
  673 | extern size_t fread_unlocked (void *__restrict __ptr, size_t __size,
      |               ^~~~~~~~~~~~~~
/usr/include/stdio.h:675:15: error: expected ‘=’, ‘,’, ‘;’, ‘asm’ or ‘__attribute__’ before ‘fwrite_unlocked’
  675 | extern size_t fwrite_unlocked (const void *__restrict __ptr, size_t __size,
      |               ^~~~~~~~~~~~~~~
/usr/include/stdio.h:684:19: error: expected declaration specifiers or ‘...’ before ‘FILE’
  684 | extern int fseek (FILE *__stream, long int __off, int __whence);
      |                   ^~~~
/usr/include/stdio.h:689:24: error: expected declaration specifiers or ‘...’ before ‘FILE’
  689 | extern long int ftell (FILE *__stream) __wur;
      |                        ^~~~
/usr/include/stdio.h:694:21: error: expected declaration specifiers or ‘...’ before ‘FILE’
  694 | extern void rewind (FILE *__stream);
      |                     ^~~~
/usr/include/stdio.h:707:20: error: expected declaration specifiers or ‘...’ before ‘FILE’
  707 | extern int fseeko (FILE *__stream, __off_t __off, int __whence);
      |                    ^~~~
/usr/include/stdio.h:707:36: error: expected declaration specifiers or ‘...’ before ‘__off_t’
  707 | extern int fseeko (FILE *__stream, __off_t __off, int __whence);
      |                                    ^~~~~~~
/usr/include/stdio.h:712:16: error: expected ‘=’, ‘,’, ‘;’, ‘asm’ or ‘__attribute__’ before ‘ftello’
  712 | extern __off_t ftello (FILE *__stream) __wur;
      |                ^~~~~~
/usr/include/stdio.h:731:21: error: expected declaration specifiers or ‘...’ before ‘FILE’
  731 | extern int fgetpos (FILE *__restrict __stream, fpos_t *__restrict __pos);
      |                     ^~~~
/usr/include/stdio.h:731:48: error: unknown type name ‘fpos_t’
  731 | extern int fgetpos (FILE *__restrict __stream, fpos_t *__restrict __pos);
      |                                                ^~~~~~
/usr/include/stdio.h:134:1: note: ‘fpos_t’ is defined in header ‘<stdio.h>’; did you forget to ‘#include <stdio.h>’?
  133 | #include <bits/stdio_lim.h>
  +++ |+#include <stdio.h>
  134 | 
/usr/include/stdio.h:736:21: error: expected declaration specifiers or ‘...’ before ‘FILE’
  736 | extern int fsetpos (FILE *__stream, const fpos_t *__pos);
      |                     ^~~~
/usr/include/stdio.h:736:43: error: unknown type name ‘fpos_t’
  736 | extern int fsetpos (FILE *__stream, const fpos_t *__pos);
      |                                           ^~~~~~
/usr/include/stdio.h:757:23: error: expected declaration specifiers or ‘...’ before ‘FILE’
  757 | extern void clearerr (FILE *__stream) __THROW;
      |                       ^~~~
/usr/include/stdio.h:759:18: error: expected declaration specifiers or ‘...’ before ‘FILE’
  759 | extern int feof (FILE *__stream) __THROW __wur;
      |                  ^~~~
/usr/include/stdio.h:761:20: error: expected declaration specifiers or ‘...’ before ‘FILE’
  761 | extern int ferror (FILE *__stream) __THROW __wur;
      |                    ^~~~
/usr/include/stdio.h:765:32: error: expected declaration specifiers or ‘...’ before ‘FILE’
  765 | extern void clearerr_unlocked (FILE *__stream) __THROW;
      |                                ^~~~
/usr/include/stdio.h:766:27: error: expected declaration specifiers or ‘...’ before ‘FILE’
  766 | extern int feof_unlocked (FILE *__stream) __THROW __wur;
      |                           ^~~~
/usr/include/stdio.h:767:29: error: expected declaration specifiers or ‘...’ before ‘FILE’
  767 | extern int ferror_unlocked (FILE *__stream) __THROW __wur;
      |                             ^~~~
/usr/include/stdio.h:775:13: error: storage class specified for parameter ‘perror’
  775 | extern void perror (const char *__s);
      |             ^~~~~~
In file included from /usr/include/stdio.h:781,
                 from main.c:2:
/usr/include/x86_64-linux-gnu/bits/sys_errlist.h:26:12: error: storage class specified for parameter ‘sys_nerr’
   26 | extern int sys_nerr;
      |            ^~~~~~~~
/usr/include/x86_64-linux-gnu/bits/sys_errlist.h:27:26: error: storage class specified for parameter ‘sys_errlist’
   27 | extern const char *const sys_errlist[];
      |                          ^~~~~~~~~~~
In file included from main.c:2:
/usr/include/stdio.h:786:20: error: expected declaration specifiers or ‘...’ before ‘FILE’
  786 | extern int fileno (FILE *__stream) __THROW __wur;
      |                    ^~~~
/usr/include/stdio.h:791:29: error: expected declaration specifiers or ‘...’ before ‘FILE’
  791 | extern int fileno_unlocked (FILE *__stream) __THROW __wur;
      |                             ^~~~
/usr/include/stdio.h:800:13: error: expected ‘=’, ‘,’, ‘;’, ‘asm’ or ‘__attribute__’ before ‘*’ token
  800 | extern FILE *popen (const char *__command, const char *__modes) __wur;
      |             ^
/usr/include/stdio.h:806:20: error: expected declaration specifiers or ‘...’ before ‘FILE’
  806 | extern int pclose (FILE *__stream);
      |                    ^~~~
/usr/include/stdio.h:812:14: error: storage class specified for parameter ‘ctermid’
  812 | extern char *ctermid (char *__s) __THROW;
      |              ^~~~~~~
/usr/include/stdio.h:840:24: error: expected declaration specifiers or ‘...’ before ‘FILE’
  840 | extern void flockfile (FILE *__stream) __THROW;
      |                        ^~~~
/usr/include/stdio.h:844:26: error: expected declaration specifiers or ‘...’ before ‘FILE’
  844 | extern int ftrylockfile (FILE *__stream) __THROW __wur;
      |                          ^~~~
/usr/include/stdio.h:847:26: error: expected declaration specifiers or ‘...’ before ‘FILE’
  847 | extern void funlockfile (FILE *__stream) __THROW;
      |                          ^~~~
/usr/include/stdio.h:858:21: error: expected declaration specifiers or ‘...’ before ‘FILE’
  858 | extern int __uflow (FILE *);
      |                     ^~~~
/usr/include/stdio.h:859:24: error: expected declaration specifiers or ‘...’ before ‘FILE’
  859 | extern int __overflow (FILE *, int);
      |                        ^~~~
In file included from /usr/include/stdlib.h:31,
                 from main.c:3:
/usr/lib/gcc/x86_64-linux-gnu/9/include/stddef.h:321:24: error: storage class specified for parameter ‘wchar_t’
  321 | typedef __WCHAR_TYPE__ wchar_t;
      |                        ^~~~~~~
In file included from /usr/include/stdlib.h:39,
                 from main.c:3:
/usr/include/x86_64-linux-gnu/bits/waitflags.h:57:3: error: storage class specified for parameter ‘idtype_t’
   57 | } idtype_t;
      |   ^~~~~~~~
In file included from main.c:3:
/usr/include/stdlib.h:62:5: error: storage class specified for parameter ‘div_t’
   62 |   } div_t;
      |     ^~~~~
/usr/include/stdlib.h:70:5: error: storage class specified for parameter ‘ldiv_t’
   70 |   } ldiv_t;
      |     ^~~~~~
/usr/include/stdlib.h:76:1: error: expected declaration specifiers before ‘__extension__’
   76 | __extension__ typedef struct
      | ^~~~~~~~~~~~~
/usr/include/stdlib.h:80:5: error: expected declaration specifiers before ‘lldiv_t’
   80 |   } lldiv_t;
      |     ^~~~~~~
/usr/include/stdlib.h:97:15: error: expected ‘=’, ‘,’, ‘;’, ‘asm’ or ‘__attribute__’ before ‘__ctype_get_mb_cur_max’
   97 | extern size_t __ctype_get_mb_cur_max (void) __THROW __wur;
      |               ^~~~~~~~~~~~~~~~~~~~~~
/usr/include/stdlib.h:101:15: error: storage class specified for parameter ‘atof’
  101 | extern double atof (const char *__nptr)
      |               ^~~~
/usr/include/stdlib.h:104:12: error: storage class specified for parameter ‘atoi’
  104 | extern int atoi (const char *__nptr)
      |            ^~~~
/usr/include/stdlib.h:107:17: error: storage class specified for parameter ‘atol’
  107 | extern long int atol (const char *__nptr)
      |                 ^~~~
/usr/include/stdlib.h:112:1: error: expected declaration specifiers before ‘__extension__’
  112 | __extension__ extern long long int atoll (const char *__nptr)
      | ^~~~~~~~~~~~~
/usr/include/stdlib.h:117:15: error: storage class specified for parameter ‘strtod’
  117 | extern double strtod (const char *__restrict __nptr,
      |               ^~~~~~
/usr/include/stdlib.h:123:14: error: storage class specified for parameter ‘strtof’
  123 | extern float strtof (const char *__restrict __nptr,
      |              ^~~~~~
/usr/include/stdlib.h:126:20: error: storage class specified for parameter ‘strtold’
  126 | extern long double strtold (const char *__restrict __nptr,
      |                    ^~~~~~~
/usr/include/stdlib.h:176:17: error: storage class specified for parameter ‘strtol’
  176 | extern long int strtol (const char *__restrict __nptr,
      |                 ^~~~~~
/usr/include/stdlib.h:180:26: error: storage class specified for parameter ‘strtoul’
  180 | extern unsigned long int strtoul (const char *__restrict __nptr,
      |                          ^~~~~~~
/usr/include/stdlib.h:186:1: error: expected declaration specifiers before ‘__extension__’
  186 | __extension__
      | ^~~~~~~~~~~~~
/usr/include/stdlib.h:191:1: error: expected declaration specifiers before ‘__extension__’
  191 | __extension__
      | ^~~~~~~~~~~~~
/usr/include/stdlib.h:199:1: error: expected declaration specifiers before ‘__extension__’
  199 | __extension__
      | ^~~~~~~~~~~~~
/usr/include/stdlib.h:204:1: error: expected declaration specifiers before ‘__extension__’
  204 | __extension__
      | ^~~~~~~~~~~~~
/usr/include/stdlib.h:385:14: error: storage class specified for parameter ‘l64a’
  385 | extern char *l64a (long int __n) __THROW __wur;
      |              ^~~~
/usr/include/stdlib.h:388:17: error: storage class specified for parameter ‘a64l’
  388 | extern long int a64l (const char *__s)
      |                 ^~~~
In file included from /usr/include/stdlib.h:394,
                 from main.c:3:
/usr/include/x86_64-linux-gnu/sys/types.h:33:18: error: expected ‘=’, ‘,’, ‘;’, ‘asm’ or ‘__attribute__’ before ‘u_char’
   33 | typedef __u_char u_char;
      |                  ^~~~~~
/usr/include/x86_64-linux-gnu/sys/types.h:34:19: error: expected ‘=’, ‘,’, ‘;’, ‘asm’ or ‘__attribute__’ before ‘u_short’
   34 | typedef __u_short u_short;
      |                   ^~~~~~~
/usr/include/x86_64-linux-gnu/sys/types.h:35:17: error: expected ‘=’, ‘,’, ‘;’, ‘asm’ or ‘__attribute__’ before ‘u_int’
   35 | typedef __u_int u_int;
      |                 ^~~~~
/usr/include/x86_64-linux-gnu/sys/types.h:36:18: error: expected ‘=’, ‘,’, ‘;’, ‘asm’ or ‘__attribute__’ before ‘u_long’
   36 | typedef __u_long u_long;
      |                  ^~~~~~
/usr/include/x86_64-linux-gnu/sys/types.h:37:18: error: expected ‘=’, ‘,’, ‘;’, ‘asm’ or ‘__attribute__’ before ‘quad_t’
   37 | typedef __quad_t quad_t;
      |                  ^~~~~~
/usr/include/x86_64-linux-gnu/sys/types.h:38:20: error: expected ‘=’, ‘,’, ‘;’, ‘asm’ or ‘__attribute__’ before ‘u_quad_t’
   38 | typedef __u_quad_t u_quad_t;
      |                    ^~~~~~~~
/usr/include/x86_64-linux-gnu/sys/types.h:39:18: error: expected ‘=’, ‘,’, ‘;’, ‘asm’ or ‘__attribute__’ before ‘fsid_t’
   39 | typedef __fsid_t fsid_t;
      |                  ^~~~~~
/usr/include/x86_64-linux-gnu/sys/types.h:42:9: error: unknown type name ‘__loff_t’
   42 | typedef __loff_t loff_t;
      |         ^~~~~~~~
/usr/include/x86_64-linux-gnu/sys/types.h:42:18: error: storage class specified for parameter ‘loff_t’
   42 | typedef __loff_t loff_t;
      |                  ^~~~~~
/usr/include/x86_64-linux-gnu/sys/types.h:47:17: error: expected ‘=’, ‘,’, ‘;’, ‘asm’ or ‘__attribute__’ before ‘ino_t’
   47 | typedef __ino_t ino_t;
      |                 ^~~~~
/usr/include/x86_64-linux-gnu/sys/types.h:59:17: error: expected ‘=’, ‘,’, ‘;’, ‘asm’ or ‘__attribute__’ before ‘dev_t’
   59 | typedef __dev_t dev_t;
      |                 ^~~~~
/usr/include/x86_64-linux-gnu/sys/types.h:64:17: error: expected ‘=’, ‘,’, ‘;’, ‘asm’ or ‘__attribute__’ before ‘gid_t’
   64 | typedef __gid_t gid_t;
      |                 ^~~~~
/usr/include/x86_64-linux-gnu/sys/types.h:69:18: error: expected ‘=’, ‘,’, ‘;’, ‘asm’ or ‘__attribute__’ before ‘mode_t’
   69 | typedef __mode_t mode_t;
      |                  ^~~~~~
/usr/include/x86_64-linux-gnu/sys/types.h:74:19: error: expected ‘=’, ‘,’, ‘;’, ‘asm’ or ‘__attribute__’ before ‘nlink_t’
   74 | typedef __nlink_t nlink_t;
      |                   ^~~~~~~
/usr/include/x86_64-linux-gnu/sys/types.h:79:17: error: expected ‘=’, ‘,’, ‘;’, ‘asm’ or ‘__attribute__’ before ‘uid_t’
   79 | typedef __uid_t uid_t;
      |                 ^~~~~
/usr/include/x86_64-linux-gnu/sys/types.h:97:17: error: expected ‘=’, ‘,’, ‘;’, ‘asm’ or ‘__attribute__’ before ‘pid_t’
   97 | typedef __pid_t pid_t;
      |                 ^~~~~
/usr/include/x86_64-linux-gnu/sys/types.h:103:16: error: expected ‘=’, ‘,’, ‘;’, ‘asm’ or ‘__attribute__’ before ‘id_t’
  103 | typedef __id_t id_t;
      |                ^~~~
/usr/include/x86_64-linux-gnu/sys/types.h:114:19: error: expected ‘=’, ‘,’, ‘;’, ‘asm’ or ‘__attribute__’ before ‘daddr_t’
  114 | typedef __daddr_t daddr_t;
      |                   ^~~~~~~
/usr/include/x86_64-linux-gnu/sys/types.h:115:19: error: expected ‘=’, ‘,’, ‘;’, ‘asm’ or ‘__attribute__’ before ‘caddr_t’
  115 | typedef __caddr_t caddr_t;
      |                   ^~~~~~~
/usr/include/x86_64-linux-gnu/sys/types.h:121:17: error: expected ‘=’, ‘,’, ‘;’, ‘asm’ or ‘__attribute__’ before ‘key_t’
  121 | typedef __key_t key_t;
      |                 ^~~~~
In file included from /usr/include/x86_64-linux-gnu/sys/types.h:126,
                 from /usr/include/stdlib.h:394,
                 from main.c:3:
/usr/include/x86_64-linux-gnu/bits/types/clock_t.h:7:19: error: expected ‘=’, ‘,’, ‘;’, ‘asm’ or ‘__attribute__’ before ‘clock_t’
    7 | typedef __clock_t clock_t;
      |                   ^~~~~~~
In file included from /usr/include/x86_64-linux-gnu/sys/types.h:128,
                 from /usr/include/stdlib.h:394,
                 from main.c:3:
/usr/include/x86_64-linux-gnu/bits/types/clockid_t.h:7:21: error: expected ‘=’, ‘,’, ‘;’, ‘asm’ or ‘__attribute__’ before ‘clockid_t’
    7 | typedef __clockid_t clockid_t;
      |                     ^~~~~~~~~
In file included from /usr/include/x86_64-linux-gnu/sys/types.h:129,
                 from /usr/include/stdlib.h:394,
                 from main.c:3:
/usr/include/x86_64-linux-gnu/bits/types/time_t.h:7:18: error: expected ‘=’, ‘,’, ‘;’, ‘asm’ or ‘__attribute__’ before ‘time_t’
    7 | typedef __time_t time_t;
      |                  ^~~~~~
In file included from /usr/include/x86_64-linux-gnu/sys/types.h:130,
                 from /usr/include/stdlib.h:394,
                 from main.c:3:
/usr/include/x86_64-linux-gnu/bits/types/timer_t.h:7:19: error: expected ‘=’, ‘,’, ‘;’, ‘asm’ or ‘__attribute__’ before ‘timer_t’
    7 | typedef __timer_t timer_t;
      |                   ^~~~~~~
In file included from /usr/include/stdlib.h:394,
                 from main.c:3:
/usr/include/x86_64-linux-gnu/sys/types.h:148:27: error: storage class specified for parameter ‘ulong’
  148 | typedef unsigned long int ulong;
      |                           ^~~~~
/usr/include/x86_64-linux-gnu/sys/types.h:149:28: error: storage class specified for parameter ‘ushort’
  149 | typedef unsigned short int ushort;
      |                            ^~~~~~
/usr/include/x86_64-linux-gnu/sys/types.h:150:22: error: storage class specified for parameter ‘uint’
  150 | typedef unsigned int uint;
      |                      ^~~~
In file included from /usr/include/x86_64-linux-gnu/sys/types.h:155,
                 from /usr/include/stdlib.h:394,
                 from main.c:3:
/usr/include/x86_64-linux-gnu/bits/stdint-intn.h:24:18: error: expected ‘=’, ‘,’, ‘;’, ‘asm’ or ‘__attribute__’ before ‘int8_t’
   24 | typedef __int8_t int8_t;
      |                  ^~~~~~
/usr/include/x86_64-linux-gnu/bits/stdint-intn.h:25:19: error: expected ‘=’, ‘,’, ‘;’, ‘asm’ or ‘__attribute__’ before ‘int16_t’
   25 | typedef __int16_t int16_t;
      |                   ^~~~~~~
/usr/include/x86_64-linux-gnu/bits/stdint-intn.h:26:19: error: expected ‘=’, ‘,’, ‘;’, ‘asm’ or ‘__attribute__’ before ‘int32_t’
   26 | typedef __int32_t int32_t;
      |                   ^~~~~~~
/usr/include/x86_64-linux-gnu/bits/stdint-intn.h:27:19: error: expected ‘=’, ‘,’, ‘;’, ‘asm’ or ‘__attribute__’ before ‘int64_t’
   27 | typedef __int64_t int64_t;
      |                   ^~~~~~~
In file included from /usr/include/stdlib.h:394,
                 from main.c:3:
/usr/include/x86_64-linux-gnu/sys/types.h:158:19: error: expected ‘=’, ‘,’, ‘;’, ‘asm’ or ‘__attribute__’ before ‘u_int8_t’
  158 | typedef __uint8_t u_int8_t;
      |                   ^~~~~~~~
/usr/include/x86_64-linux-gnu/sys/types.h:159:20: error: expected ‘=’, ‘,’, ‘;’, ‘asm’ or ‘__attribute__’ before ‘u_int16_t’
  159 | typedef __uint16_t u_int16_t;
      |                    ^~~~~~~~~
/usr/include/x86_64-linux-gnu/sys/types.h:160:20: error: expected ‘=’, ‘,’, ‘;’, ‘asm’ or ‘__attribute__’ before ‘u_int32_t’
  160 | typedef __uint32_t u_int32_t;
      |                    ^~~~~~~~~
/usr/include/x86_64-linux-gnu/sys/types.h:161:20: error: expected ‘=’, ‘,’, ‘;’, ‘asm’ or ‘__attribute__’ before ‘u_int64_t’
  161 | typedef __uint64_t u_int64_t;
      |                    ^~~~~~~~~
/usr/include/x86_64-linux-gnu/sys/types.h:164:13: error: storage class specified for parameter ‘register_t’
  164 | typedef int register_t __attribute__ ((__mode__ (__word__)));
      |             ^~~~~~~~~~
In file included from /usr/include/endian.h:35,
                 from /usr/include/x86_64-linux-gnu/sys/types.h:176,
                 from /usr/include/stdlib.h:394,
                 from main.c:3:
/usr/include/x86_64-linux-gnu/bits/byteswap.h:34:1: error: expected ‘=’, ‘,’, ‘;’, ‘asm’ or ‘__attribute__’ before ‘__bswap_16’
   34 | __bswap_16 (__uint16_t __bsx)
      | ^~~~~~~~~~
/usr/include/x86_64-linux-gnu/bits/byteswap.h:49:1: error: expected ‘=’, ‘,’, ‘;’, ‘asm’ or ‘__attribute__’ before ‘__bswap_32’
   49 | __bswap_32 (__uint32_t __bsx)
      | ^~~~~~~~~~
/usr/include/x86_64-linux-gnu/bits/byteswap.h:69:1: error: expected declaration specifiers before ‘__extension__’
   69 | __extension__ static __inline __uint64_t
      | ^~~~~~~~~~~~~
In file included from /usr/include/endian.h:36,
                 from /usr/include/x86_64-linux-gnu/sys/types.h:176,
                 from /usr/include/stdlib.h:394,
                 from main.c:3:
/usr/include/x86_64-linux-gnu/bits/uintn-identity.h:33:1: error: expected ‘=’, ‘,’, ‘;’, ‘asm’ or ‘__attribute__’ before ‘__uint16_identity’
   33 | __uint16_identity (__uint16_t __x)
      | ^~~~~~~~~~~~~~~~~
/usr/include/x86_64-linux-gnu/bits/uintn-identity.h:39:1: error: expected ‘=’, ‘,’, ‘;’, ‘asm’ or ‘__attribute__’ before ‘__uint32_identity’
   39 | __uint32_identity (__uint32_t __x)
      | ^~~~~~~~~~~~~~~~~
/usr/include/x86_64-linux-gnu/bits/uintn-identity.h:45:1: error: expected ‘=’, ‘,’, ‘;’, ‘asm’ or ‘__attribute__’ before ‘__uint64_identity’
   45 | __uint64_identity (__uint64_t __x)
      | ^~~~~~~~~~~~~~~~~
In file included from /usr/include/x86_64-linux-gnu/bits/types/sigset_t.h:4,
                 from /usr/include/x86_64-linux-gnu/sys/select.h:33,
                 from /usr/include/x86_64-linux-gnu/sys/types.h:179,
                 from /usr/include/stdlib.h:394,
                 from main.c:3:
/usr/include/x86_64-linux-gnu/bits/types/__sigset_t.h:8:3: error: storage class specified for parameter ‘__sigset_t’
    8 | } __sigset_t;
      |   ^~~~~~~~~~
In file included from /usr/include/x86_64-linux-gnu/sys/select.h:33,
                 from /usr/include/x86_64-linux-gnu/sys/types.h:179,
                 from /usr/include/stdlib.h:394,
                 from main.c:3:
/usr/include/x86_64-linux-gnu/bits/types/sigset_t.h:7:20: error: expected ‘=’, ‘,’, ‘;’, ‘asm’ or ‘__attribute__’ before ‘sigset_t’
    7 | typedef __sigset_t sigset_t;
      |                    ^~~~~~~~
In file included from /usr/include/x86_64-linux-gnu/sys/select.h:37,
                 from /usr/include/x86_64-linux-gnu/sys/types.h:179,
                 from /usr/include/stdlib.h:394,
                 from main.c:3:
/usr/include/x86_64-linux-gnu/bits/types/struct_timeval.h:10:3: error: expected specifier-qualifier-list before ‘__time_t’
   10 |   __time_t tv_sec;  /* Seconds.  */
      |   ^~~~~~~~
In file included from /usr/include/x86_64-linux-gnu/sys/select.h:39,
                 from /usr/include/x86_64-linux-gnu/sys/types.h:179,
                 from /usr/include/stdlib.h:394,
                 from main.c:3:
/usr/include/x86_64-linux-gnu/bits/types/struct_timespec.h:12:3: error: expected specifier-qualifier-list before ‘__time_t’
   12 |   __time_t tv_sec;  /* Seconds.  */
      |   ^~~~~~~~
In file included from /usr/include/x86_64-linux-gnu/sys/types.h:179,
                 from /usr/include/stdlib.h:394,
                 from main.c:3:
/usr/include/x86_64-linux-gnu/sys/select.h:43:23: error: expected ‘=’, ‘,’, ‘;’, ‘asm’ or ‘__attribute__’ before ‘suseconds_t’
   43 | typedef __suseconds_t suseconds_t;
      |                       ^~~~~~~~~~~
/usr/include/x86_64-linux-gnu/sys/select.h:49:18: error: storage class specified for parameter ‘__fd_mask’
   49 | typedef long int __fd_mask;
      |                  ^~~~~~~~~
/usr/include/x86_64-linux-gnu/sys/select.h:67:5: error: expected specifier-qualifier-list before ‘__fd_mask’
   67 |     __fd_mask __fds_bits[__FD_SETSIZE / __NFDBITS];
      |     ^~~~~~~~~
/usr/include/x86_64-linux-gnu/sys/select.h:70:5: error: storage class specified for parameter ‘fd_set’
   70 |   } fd_set;
      |     ^~~~~~
/usr/include/x86_64-linux-gnu/sys/select.h:77:19: error: expected ‘=’, ‘,’, ‘;’, ‘asm’ or ‘__attribute__’ before ‘fd_mask’
   77 | typedef __fd_mask fd_mask;
      |                   ^~~~~~~
/usr/include/x86_64-linux-gnu/sys/select.h:101:32: error: expected declaration specifiers or ‘...’ before ‘fd_set’
  101 | extern int select (int __nfds, fd_set *__restrict __readfds,
      |                                ^~~~~~
/usr/include/x86_64-linux-gnu/sys/select.h:102:6: error: expected declaration specifiers or ‘...’ before ‘fd_set’
  102 |      fd_set *__restrict __writefds,
      |      ^~~~~~
/usr/include/x86_64-linux-gnu/sys/select.h:103:6: error: expected declaration specifiers or ‘...’ before ‘fd_set’
  103 |      fd_set *__restrict __exceptfds,
      |      ^~~~~~
/usr/include/x86_64-linux-gnu/sys/select.h:113:33: error: expected declaration specifiers or ‘...’ before ‘fd_set’
  113 | extern int pselect (int __nfds, fd_set *__restrict __readfds,
      |                                 ^~~~~~
/usr/include/x86_64-linux-gnu/sys/select.h:114:7: error: expected declaration specifiers or ‘...’ before ‘fd_set’
  114 |       fd_set *__restrict __writefds,
      |       ^~~~~~
/usr/include/x86_64-linux-gnu/sys/select.h:115:7: error: expected declaration specifiers or ‘...’ before ‘fd_set’
  115 |       fd_set *__restrict __exceptfds,
      |       ^~~~~~
/usr/include/x86_64-linux-gnu/sys/select.h:117:24: error: expected ‘;’, ‘,’ or ‘)’ before ‘*’ token
  117 |       const __sigset_t *__restrict __sigmask);
      |                        ^
In file included from /usr/include/stdlib.h:394,
                 from main.c:3:
/usr/include/x86_64-linux-gnu/sys/types.h:185:21: error: expected ‘=’, ‘,’, ‘;’, ‘asm’ or ‘__attribute__’ before ‘blksize_t’
  185 | typedef __blksize_t blksize_t;
      |                     ^~~~~~~~~
/usr/include/x86_64-linux-gnu/sys/types.h:192:20: error: expected ‘=’, ‘,’, ‘;’, ‘asm’ or ‘__attribute__’ before ‘blkcnt_t’
  192 | typedef __blkcnt_t blkcnt_t;  /* Type to count number of disk blocks.  */
      |                    ^~~~~~~~
/usr/include/x86_64-linux-gnu/sys/types.h:196:22: error: expected ‘=’, ‘,’, ‘;’, ‘asm’ or ‘__attribute__’ before ‘fsblkcnt_t’
  196 | typedef __fsblkcnt_t fsblkcnt_t; /* Type to count file system blocks.  */
      |                      ^~~~~~~~~~
/usr/include/x86_64-linux-gnu/sys/types.h:200:22: error: expected ‘=’, ‘,’, ‘;’, ‘asm’ or ‘__attribute__’ before ‘fsfilcnt_t’
  200 | typedef __fsfilcnt_t fsfilcnt_t; /* Type to count file system inodes.  */
      |                      ^~~~~~~~~~
In file included from /usr/include/x86_64-linux-gnu/bits/pthreadtypes.h:23,
                 from /usr/include/x86_64-linux-gnu/sys/types.h:227,
                 from /usr/include/stdlib.h:394,
                 from main.c:3:
/usr/include/x86_64-linux-gnu/bits/thread-shared-types.h:53:3: error: storage class specified for parameter ‘__pthread_list_t’
   53 | } __pthread_list_t;
      |   ^~~~~~~~~~~~~~~~
/usr/include/x86_64-linux-gnu/bits/thread-shared-types.h:58:3: error: storage class specified for parameter ‘__pthread_slist_t’
   58 | } __pthread_slist_t;
      |   ^~~~~~~~~~~~~~~~~
In file included from /usr/include/x86_64-linux-gnu/bits/thread-shared-types.h:74,
                 from /usr/include/x86_64-linux-gnu/bits/pthreadtypes.h:23,
                 from /usr/include/x86_64-linux-gnu/sys/types.h:227,
                 from /usr/include/stdlib.h:394,
                 from main.c:3:
/usr/include/x86_64-linux-gnu/bits/struct_mutex.h:36:3: error: expected specifier-qualifier-list before ‘__pthread_list_t’
   36 |   __pthread_list_t __list;
      |   ^~~~~~~~~~~~~~~~
In file included from /usr/include/x86_64-linux-gnu/sys/types.h:227,
                 from /usr/include/stdlib.h:394,
                 from main.c:3:
/usr/include/x86_64-linux-gnu/bits/pthreadtypes.h:27:27: error: storage class specified for parameter ‘pthread_t’
   27 | typedef unsigned long int pthread_t;
      |                           ^~~~~~~~~
/usr/include/x86_64-linux-gnu/bits/pthreadtypes.h:36:3: error: storage class specified for parameter ‘pthread_mutexattr_t’
   36 | } pthread_mutexattr_t;
      |   ^~~~~~~~~~~~~~~~~~~
/usr/include/x86_64-linux-gnu/bits/pthreadtypes.h:45:3: error: storage class specified for parameter ‘pthread_condattr_t’
   45 | } pthread_condattr_t;
      |   ^~~~~~~~~~~~~~~~~~
/usr/include/x86_64-linux-gnu/bits/pthreadtypes.h:49:22: error: storage class specified for parameter ‘pthread_key_t’
   49 | typedef unsigned int pthread_key_t;
      |                      ^~~~~~~~~~~~~
/usr/include/x86_64-linux-gnu/bits/pthreadtypes.h:53:30: error: storage class specified for parameter ‘pthread_once_t’
   53 | typedef int __ONCE_ALIGNMENT pthread_once_t;
      |                              ^~~~~~~~~~~~~~
/usr/include/x86_64-linux-gnu/bits/pthreadtypes.h:62:30: error: storage class specified for parameter ‘pthread_attr_t’
   62 | typedef union pthread_attr_t pthread_attr_t;
      |                              ^~~~~~~~~~~~~~
/usr/include/x86_64-linux-gnu/bits/pthreadtypes.h:72:3: error: storage class specified for parameter ‘pthread_mutex_t’
   72 | } pthread_mutex_t;
      |   ^~~~~~~~~~~~~~~
/usr/include/x86_64-linux-gnu/bits/pthreadtypes.h:80:3: error: storage class specified for parameter ‘pthread_cond_t’
   80 | } pthread_cond_t;
      |   ^~~~~~~~~~~~~~
/usr/include/x86_64-linux-gnu/bits/pthreadtypes.h:91:3: error: storage class specified for parameter ‘pthread_rwlock_t’
   91 | } pthread_rwlock_t;
      |   ^~~~~~~~~~~~~~~~
/usr/include/x86_64-linux-gnu/bits/pthreadtypes.h:97:3: error: storage class specified for parameter ‘pthread_rwlockattr_t’
   97 | } pthread_rwlockattr_t;
      |   ^~~~~~~~~~~~~~~~~~~~
/usr/include/x86_64-linux-gnu/bits/pthreadtypes.h:103:22: error: storage class specified for parameter ‘pthread_spinlock_t’
  103 | typedef volatile int pthread_spinlock_t;
      |                      ^~~~~~~~~~~~~~~~~~
/usr/include/x86_64-linux-gnu/bits/pthreadtypes.h:112:3: error: storage class specified for parameter ‘pthread_barrier_t’
  112 | } pthread_barrier_t;
      |   ^~~~~~~~~~~~~~~~~
/usr/include/x86_64-linux-gnu/bits/pthreadtypes.h:118:3: error: storage class specified for parameter ‘pthread_barrierattr_t’
  118 | } pthread_barrierattr_t;
      |   ^~~~~~~~~~~~~~~~~~~~~
In file included from main.c:3:
/usr/include/stdlib.h:401:17: error: storage class specified for parameter ‘random’
  401 | extern long int random (void) __THROW;
      |                 ^~~~~~
/usr/include/stdlib.h:404:13: error: storage class specified for parameter ‘srandom’
  404 | extern void srandom (unsigned int __seed) __THROW;
      |             ^~~~~~~
/usr/include/stdlib.h:411:4: error: expected declaration specifiers or ‘...’ before ‘size_t’
  411 |    size_t __statelen) __THROW __nonnull ((2));
      |    ^~~~~~
/usr/include/stdlib.h:415:14: error: storage class specified for parameter ‘setstate’
  415 | extern char *setstate (char *__statebuf) __THROW __nonnull ((1));
      |              ^~~~~~~~
/usr/include/stdlib.h:425:5: error: unknown type name ‘int32_t’
  425 |     int32_t *fptr;  /* Front pointer.  */
      |     ^~~~~~~
/usr/include/stdlib.h:426:5: error: unknown type name ‘int32_t’
  426 |     int32_t *rptr;  /* Rear pointer.  */
      |     ^~~~~~~
/usr/include/stdlib.h:427:5: error: unknown type name ‘int32_t’
  427 |     int32_t *state;  /* Array of state values.  */
      |     ^~~~~~~
/usr/include/stdlib.h:431:5: error: unknown type name ‘int32_t’
  431 |     int32_t *end_ptr;  /* Pointer behind state table.  */
      |     ^~~~~~~
/usr/include/stdlib.h:435:8: error: unknown type name ‘int32_t’
  435 |        int32_t *__restrict __result) __THROW __nonnull ((1, 2));
      |        ^~~~~~~
/usr/include/stdlib.h:437:12: error: storage class specified for parameter ‘srandom_r’
  437 | extern int srandom_r (unsigned int __seed, struct random_data *__buf)
      |            ^~~~~~~~~
/usr/include/stdlib.h:441:4: error: expected declaration specifiers or ‘...’ before ‘size_t’
  441 |    size_t __statelen,
      |    ^~~~~~
/usr/include/stdlib.h:445:12: error: storage class specified for parameter ‘setstate_r’
  445 | extern int setstate_r (char *__restrict __statebuf,
      |            ^~~~~~~~~~
/usr/include/stdlib.h:453:12: error: storage class specified for parameter ‘rand’
  453 | extern int rand (void) __THROW;
      |            ^~~~
/usr/include/stdlib.h:455:13: error: storage class specified for parameter ‘srand’
  455 | extern void srand (unsigned int __seed) __THROW;
      |             ^~~~~
/usr/include/stdlib.h:459:12: error: storage class specified for parameter ‘rand_r’
  459 | extern int rand_r (unsigned int *__seed) __THROW;
      |            ^~~~~~
/usr/include/stdlib.h:467:15: error: storage class specified for parameter ‘drand48’
  467 | extern double drand48 (void) __THROW;
      |               ^~~~~~~
/usr/include/stdlib.h:468:15: error: storage class specified for parameter ‘erand48’
  468 | extern double erand48 (unsigned short int __xsubi[3]) __THROW __nonnull ((1));
      |               ^~~~~~~
/usr/include/stdlib.h:471:17: error: storage class specified for parameter ‘lrand48’
  471 | extern long int lrand48 (void) __THROW;
      |                 ^~~~~~~
/usr/include/stdlib.h:472:17: error: storage class specified for parameter ‘nrand48’
  472 | extern long int nrand48 (unsigned short int __xsubi[3])
      |                 ^~~~~~~
/usr/include/stdlib.h:476:17: error: storage class specified for parameter ‘mrand48’
  476 | extern long int mrand48 (void) __THROW;
      |                 ^~~~~~~
/usr/include/stdlib.h:477:17: error: storage class specified for parameter ‘jrand48’
  477 | extern long int jrand48 (unsigned short int __xsubi[3])
      |                 ^~~~~~~
/usr/include/stdlib.h:481:13: error: storage class specified for parameter ‘srand48’
  481 | extern void srand48 (long int __seedval) __THROW;
      |             ^~~~~~~
/usr/include/stdlib.h:482:28: error: storage class specified for parameter ‘seed48’
  482 | extern unsigned short int *seed48 (unsigned short int __seed16v[3])
      |                            ^~~~~~
/usr/include/stdlib.h:484:13: error: storage class specified for parameter ‘lcong48’
  484 | extern void lcong48 (unsigned short int __param[7]) __THROW __nonnull ((1));
      |             ^~~~~~~
/usr/include/stdlib.h:501:12: error: storage class specified for parameter ‘drand48_r’
  501 | extern int drand48_r (struct drand48_data *__restrict __buffer,
      |            ^~~~~~~~~
/usr/include/stdlib.h:503:12: error: storage class specified for parameter ‘erand48_r’
  503 | extern int erand48_r (unsigned short int __xsubi[3],
      |            ^~~~~~~~~
/usr/include/stdlib.h:508:12: error: storage class specified for parameter ‘lrand48_r’
  508 | extern int lrand48_r (struct drand48_data *__restrict __buffer,
      |            ^~~~~~~~~
/usr/include/stdlib.h:511:12: error: storage class specified for parameter ‘nrand48_r’
  511 | extern int nrand48_r (unsigned short int __xsubi[3],
      |            ^~~~~~~~~
/usr/include/stdlib.h:517:12: error: storage class specified for parameter ‘mrand48_r’
  517 | extern int mrand48_r (struct drand48_data *__restrict __buffer,
      |            ^~~~~~~~~
/usr/include/stdlib.h:520:12: error: storage class specified for parameter ‘jrand48_r’
  520 | extern int jrand48_r (unsigned short int __xsubi[3],
      |            ^~~~~~~~~
/usr/include/stdlib.h:526:12: error: storage class specified for parameter ‘srand48_r’
  526 | extern int srand48_r (long int __seedval, struct drand48_data *__buffer)
      |            ^~~~~~~~~
/usr/include/stdlib.h:529:12: error: storage class specified for parameter ‘seed48_r’
  529 | extern int seed48_r (unsigned short int __seed16v[3],
      |            ^~~~~~~~
/usr/include/stdlib.h:532:12: error: storage class specified for parameter ‘lcong48_r’
  532 | extern int lcong48_r (unsigned short int __param[7],
      |            ^~~~~~~~~
/usr/include/stdlib.h:539:22: error: expected declaration specifiers or ‘...’ before ‘size_t’
  539 | extern void *malloc (size_t __size) __THROW __attribute_malloc__
      |                      ^~~~~~
/usr/include/stdlib.h:542:22: error: expected declaration specifiers or ‘...’ before ‘size_t’
  542 | extern void *calloc (size_t __nmemb, size_t __size)
      |                      ^~~~~~
/usr/include/stdlib.h:542:38: error: expected declaration specifiers or ‘...’ before ‘size_t’
  542 | extern void *calloc (size_t __nmemb, size_t __size)
      |                                      ^~~~~~
/usr/include/stdlib.h:550:36: error: expected declaration specifiers or ‘...’ before ‘size_t’
  550 | extern void *realloc (void *__ptr, size_t __size)
      |                                    ^~~~~~
/usr/include/stdlib.h:559:41: error: expected declaration specifiers or ‘...’ before ‘size_t’
  559 | extern void *reallocarray (void *__ptr, size_t __nmemb, size_t __size)
      |                                         ^~~~~~
/usr/include/stdlib.h:559:57: error: expected declaration specifiers or ‘...’ before ‘size_t’
  559 | extern void *reallocarray (void *__ptr, size_t __nmemb, size_t __size)
      |                                                         ^~~~~~
/usr/include/stdlib.h:565:13: error: storage class specified for parameter ‘free’
  565 | extern void free (void *__ptr) __THROW;
      |             ^~~~
In file included from /usr/include/stdlib.h:568,
                 from main.c:3:
/usr/include/alloca.h:32:22: error: expected declaration specifiers or ‘...’ before ‘size_t’
   32 | extern void *alloca (size_t __size) __THROW;
      |                      ^~~~~~
In file included from main.c:3:
/usr/include/stdlib.h:574:22: error: expected declaration specifiers or ‘...’ before ‘size_t’
  574 | extern void *valloc (size_t __size) __THROW __attribute_malloc__
      |                      ^~~~~~
/usr/include/stdlib.h:580:45: error: expected declaration specifiers or ‘...’ before ‘size_t’
  580 | extern int posix_memalign (void **__memptr, size_t __alignment, size_t __size)
      |                                             ^~~~~~
/usr/include/stdlib.h:580:65: error: expected declaration specifiers or ‘...’ before ‘size_t’
  580 | extern int posix_memalign (void **__memptr, size_t __alignment, size_t __size)
      |                                                                 ^~~~~~
/usr/include/stdlib.h:586:29: error: expected declaration specifiers or ‘...’ before ‘size_t’
  586 | extern void *aligned_alloc (size_t __alignment, size_t __size)
      |                             ^~~~~~
/usr/include/stdlib.h:586:49: error: expected declaration specifiers or ‘...’ before ‘size_t’
  586 | extern void *aligned_alloc (size_t __alignment, size_t __size)
      |                                                 ^~~~~~
/usr/include/stdlib.h:591:13: error: storage class specified for parameter ‘abort’
  591 | extern void abort (void) __THROW __attribute__ ((__noreturn__));
      |             ^~~~~
/usr/include/stdlib.h:595:12: error: storage class specified for parameter ‘atexit’
  595 | extern int atexit (void (*__func) (void)) __THROW __nonnull ((1));
      |            ^~~~~~
/usr/include/stdlib.h:603:12: error: storage class specified for parameter ‘at_quick_exit’
  603 | extern int at_quick_exit (void (*__func) (void)) __THROW __nonnull ((1));
      |            ^~~~~~~~~~~~~
/usr/include/stdlib.h:610:12: error: storage class specified for parameter ‘on_exit’
  610 | extern int on_exit (void (*__func) (int __status, void *__arg), void *__arg)
      |            ^~~~~~~
/usr/include/stdlib.h:617:13: error: storage class specified for parameter ‘exit’
  617 | extern void exit (int __status) __THROW __attribute__ ((__noreturn__));
      |             ^~~~
/usr/include/stdlib.h:623:13: error: storage class specified for parameter ‘quick_exit’
  623 | extern void quick_exit (int __status) __THROW __attribute__ ((__noreturn__));
      |             ^~~~~~~~~~
/usr/include/stdlib.h:629:13: error: storage class specified for parameter ‘_Exit’
  629 | extern void _Exit (int __status) __THROW __attribute__ ((__noreturn__));
      |             ^~~~~
/usr/include/stdlib.h:634:14: error: storage class specified for parameter ‘getenv’
  634 | extern char *getenv (const char *__name) __THROW __nonnull ((1)) __wur;
      |              ^~~~~~
/usr/include/stdlib.h:647:12: error: storage class specified for parameter ‘putenv’
  647 | extern int putenv (char *__string) __THROW __nonnull ((1));
      |            ^~~~~~
/usr/include/stdlib.h:653:12: error: storage class specified for parameter ‘setenv’
  653 | extern int setenv (const char *__name, const char *__value, int __replace)
      |            ^~~~~~
/usr/include/stdlib.h:657:12: error: storage class specified for parameter ‘unsetenv’
  657 | extern int unsetenv (const char *__name) __THROW __nonnull ((1));
      |            ^~~~~~~~
/usr/include/stdlib.h:664:12: error: storage class specified for parameter ‘clearenv’
  664 | extern int clearenv (void) __THROW;
      |            ^~~~~~~~
/usr/include/stdlib.h:675:14: error: storage class specified for parameter ‘mktemp’
  675 | extern char *mktemp (char *__template) __THROW __nonnull ((1));
      |              ^~~~~~
/usr/include/stdlib.h:688:12: error: storage class specified for parameter ‘mkstemp’
  688 | extern int mkstemp (char *__template) __nonnull ((1)) __wur;
      |            ^~~~~~~
/usr/include/stdlib.h:710:12: error: storage class specified for parameter ‘mkstemps’
  710 | extern int mkstemps (char *__template, int __suffixlen) __nonnull ((1)) __wur;
      |            ^~~~~~~~
/usr/include/stdlib.h:731:14: error: storage class specified for parameter ‘mkdtemp’
  731 | extern char *mkdtemp (char *__template) __THROW __nonnull ((1)) __wur;
      |              ^~~~~~~
/usr/include/stdlib.h:784:12: error: storage class specified for parameter ‘system’
  784 | extern int system (const char *__command) __wur;
      |            ^~~~~~
/usr/include/stdlib.h:800:14: error: storage class specified for parameter ‘realpath’
  800 | extern char *realpath (const char *__restrict __name,
      |              ^~~~~~~~
/usr/include/stdlib.h:808:15: error: storage class specified for parameter ‘__compar_fn_t’
  808 | typedef int (*__compar_fn_t) (const void *, const void *);
      |               ^~~~~~~~~~~~~
/usr/include/stdlib.h:821:9: error: expected declaration specifiers or ‘...’ before ‘size_t’
  821 |         size_t __nmemb, size_t __size, __compar_fn_t __compar)
      |         ^~~~~~
/usr/include/stdlib.h:821:25: error: expected declaration specifiers or ‘...’ before ‘size_t’
  821 |         size_t __nmemb, size_t __size, __compar_fn_t __compar)
      |                         ^~~~~~
/usr/include/stdlib.h:821:40: error: expected declaration specifiers or ‘...’ before ‘__compar_fn_t’
  821 |         size_t __nmemb, size_t __size, __compar_fn_t __compar)
      |                                        ^~~~~~~~~~~~~
/usr/include/stdlib.h:830:34: error: expected declaration specifiers or ‘...’ before ‘size_t’
  830 | extern void qsort (void *__base, size_t __nmemb, size_t __size,
      |                                  ^~~~~~
/usr/include/stdlib.h:830:50: error: expected declaration specifiers or ‘...’ before ‘size_t’
  830 | extern void qsort (void *__base, size_t __nmemb, size_t __size,
      |                                                  ^~~~~~
/usr/include/stdlib.h:831:6: error: expected declaration specifiers or ‘...’ before ‘__compar_fn_t’
  831 |      __compar_fn_t __compar) __nonnull ((1, 4));
      |      ^~~~~~~~~~~~~
/usr/include/stdlib.h:840:12: error: storage class specified for parameter ‘abs’
  840 | extern int abs (int __x) __THROW __attribute__ ((__const__)) __wur;
      |            ^~~
/usr/include/stdlib.h:841:17: error: storage class specified for parameter ‘labs’
  841 | extern long int labs (long int __x) __THROW __attribute__ ((__const__)) __wur;
      |                 ^~~~
/usr/include/stdlib.h:844:1: error: expected declaration specifiers before ‘__extension__’
  844 | __extension__ extern long long int llabs (long long int __x)
      | ^~~~~~~~~~~~~
/usr/include/stdlib.h:852:14: error: expected ‘=’, ‘,’, ‘;’, ‘asm’ or ‘__attribute__’ before ‘div’
  852 | extern div_t div (int __numer, int __denom)
      |              ^~~
/usr/include/stdlib.h:854:15: error: expected ‘=’, ‘,’, ‘;’, ‘asm’ or ‘__attribute__’ before ‘ldiv’
  854 | extern ldiv_t ldiv (long int __numer, long int __denom)
      |               ^~~~
/usr/include/stdlib.h:858:1: error: expected declaration specifiers before ‘__extension__’
  858 | __extension__ extern lldiv_t lldiv (long long int __numer,
      | ^~~~~~~~~~~~~
/usr/include/stdlib.h:872:14: error: storage class specified for parameter ‘ecvt’
  872 | extern char *ecvt (double __value, int __ndigit, int *__restrict __decpt,
      |              ^~~~
/usr/include/stdlib.h:878:14: error: storage class specified for parameter ‘fcvt’
  878 | extern char *fcvt (double __value, int __ndigit, int *__restrict __decpt,
      |              ^~~~
/usr/include/stdlib.h:884:14: error: storage class specified for parameter ‘gcvt’
  884 | extern char *gcvt (double __value, int __ndigit, char *__buf)
      |              ^~~~
/usr/include/stdlib.h:890:14: error: storage class specified for parameter ‘qecvt’
  890 | extern char *qecvt (long double __value, int __ndigit,
      |              ^~~~~
/usr/include/stdlib.h:893:14: error: storage class specified for parameter ‘qfcvt’
  893 | extern char *qfcvt (long double __value, int __ndigit,
      |              ^~~~~
/usr/include/stdlib.h:896:14: error: storage class specified for parameter ‘qgcvt’
  896 | extern char *qgcvt (long double __value, int __ndigit, char *__buf)
      |              ^~~~~
/usr/include/stdlib.h:904:6: error: expected declaration specifiers or ‘...’ before ‘size_t’
  904 |      size_t __len) __THROW __nonnull ((3, 4, 5));
      |      ^~~~~~
/usr/include/stdlib.h:907:6: error: expected declaration specifiers or ‘...’ before ‘size_t’
  907 |      size_t __len) __THROW __nonnull ((3, 4, 5));
      |      ^~~~~~
/usr/include/stdlib.h:911:31: error: expected declaration specifiers or ‘...’ before ‘size_t’
  911 |       char *__restrict __buf, size_t __len)
      |                               ^~~~~~
/usr/include/stdlib.h:915:31: error: expected declaration specifiers or ‘...’ before ‘size_t’
  915 |       char *__restrict __buf, size_t __len)
      |                               ^~~~~~
/usr/include/stdlib.h:922:36: error: expected declaration specifiers or ‘...’ before ‘size_t’
  922 | extern int mblen (const char *__s, size_t __n) __THROW;
      |                                    ^~~~~~
/usr/include/stdlib.h:925:20: error: expected declaration specifiers or ‘...’ before ‘wchar_t’
  925 | extern int mbtowc (wchar_t *__restrict __pwc,
      |                    ^~~~~~~
/usr/include/stdlib.h:926:34: error: expected declaration specifiers or ‘...’ before ‘size_t’
  926 |      const char *__restrict __s, size_t __n) __THROW;
      |                                  ^~~~~~
/usr/include/stdlib.h:929:31: error: expected declaration specifiers or ‘...’ before ‘wchar_t’
  929 | extern int wctomb (char *__s, wchar_t __wchar) __THROW;
      |                               ^~~~~~~
/usr/include/stdlib.h:933:15: error: expected ‘=’, ‘,’, ‘;’, ‘asm’ or ‘__attribute__’ before ‘mbstowcs’
  933 | extern size_t mbstowcs (wchar_t *__restrict  __pwcs,
      |               ^~~~~~~~
/usr/include/stdlib.h:936:15: error: expected ‘=’, ‘,’, ‘;’, ‘asm’ or ‘__attribute__’ before ‘wcstombs’
  936 | extern size_t wcstombs (char *__restrict __s,
      |               ^~~~~~~~
/usr/include/stdlib.h:946:12: error: storage class specified for parameter ‘rpmatch’
  946 | extern int rpmatch (const char *__response) __THROW __nonnull ((1)) __wur;
      |            ^~~~~~~
/usr/include/stdlib.h:957:12: error: storage class specified for parameter ‘getsubopt’
  957 | extern int getsubopt (char **__restrict __optionp,
      |            ^~~~~~~~~
/usr/include/stdlib.h:1003:12: error: storage class specified for parameter ‘getloadavg’
 1003 | extern int getloadavg (double __loadavg[], int __nelem)
      |            ^~~~~~~~~~
main.c:11:1: error: expected ‘=’, ‘,’, ‘;’, ‘asm’ or ‘__attribute__’ before ‘{’ token
   11 | {
      | ^
In file included from main.c:1:
main.h:10:7: error: old-style parameter declarations in prototyped function definition
   10 | char *_memcpy(char *dest, char *src, unsigned int n)
      |       ^~~~~~~
main.c:18: error: expected ‘{’ at end of input
   18 | }
      | 
